[0.245s] DEBUG:colcon:Command line arguments: ['/usr/bin/colcon', 'build', '--packages-select', 'rbot250']
[0.245s] DEBUG:colcon:Parsed command line arguments: Namespace(ament_cmake_args=None, base_paths=['.'], build_base='build', catkin_cmake_args=None, catkin_skip_building_tests=False, cmake_args=None, cmake_clean_cache=False, cmake_clean_first=False, cmake_force_configure=False, cmake_target=None, cmake_target_skip_unavailable=False, continue_on_error=False, event_handlers=None, executor='parallel', ignore_user_meta=False, install_base='install', log_base=None, log_level=None, main=<bound method BuildVerb.main of <colcon_core.verb.build.BuildVerb object at 0x7f070e5a54f0>>, merge_install=False, metas=['./colcon.meta'], packages_above=None, packages_above_and_dependencies=None, packages_above_depth=None, packages_end=None, packages_ignore=None, packages_ignore_regex=None, packages_select=['rbot250'], packages_select_build_failed=False, packages_select_by_dep=None, packages_select_regex=None, packages_select_test_failures=False, packages_skip=None, packages_skip_build_finished=False, packages_skip_by_dep=None, packages_skip_regex=None, packages_skip_test_passed=False, packages_skip_up_to=None, packages_start=None, packages_up_to=None, packages_up_to_regex=None, parallel_workers=1, paths=None, symlink_install=False, test_result_base=None, verb_extension=<colcon_core.verb.build.BuildVerb object at 0x7f070e5a54f0>, verb_name='build', verb_parser=<colcon_defaults.argument_parser.defaults.DefaultArgumentsDecorator object at 0x7f070e5a5a30>)
[0.249s] Level 1:colcon.colcon_core.package_discovery:discover_packages(colcon_meta) check parameters
[0.249s] Level 1:colcon.colcon_core.package_discovery:discover_packages(recursive) check parameters
[0.249s] Level 1:colcon.colcon_core.package_discovery:discover_packages(ignore) check parameters
[0.249s] Level 1:colcon.colcon_core.package_discovery:discover_packages(path) check parameters
[0.249s] Level 1:colcon.colcon_core.package_discovery:discover_packages(colcon_meta) discover
[0.249s] Level 1:colcon.colcon_core.package_discovery:discover_packages(recursive) discover
[0.249s] INFO:colcon.colcon_core.package_discovery:Crawling recursively for packages in '/home/salinee/salinee_ws'
[0.249s] Level 1:colcon.colcon_core.package_identification:_identify(.) by extensions ['ignore', 'ignore_ament_install']
[0.249s] Level 1:colcon.colcon_core.package_identification:_identify(.) by extension 'ignore'
[0.249s] Level 1:colcon.colcon_core.package_identification:_identify(.) by extension 'ignore_ament_install'
[0.249s] Level 1:colcon.colcon_core.package_identification:_identify(.) by extensions ['colcon_pkg']
[0.249s] Level 1:colcon.colcon_core.package_identification:_identify(.) by extension 'colcon_pkg'
[0.250s] Level 1:colcon.colcon_core.package_identification:_identify(.) by extensions ['colcon_meta']
[0.250s] Level 1:colcon.colcon_core.package_identification:_identify(.) by extension 'colcon_meta'
[0.250s] Level 1:colcon.colcon_core.package_identification:_identify(.) by extensions ['ros']
[0.250s] Level 1:colcon.colcon_core.package_identification:_identify(.) by extension 'ros'
[0.258s] Level 1:colcon.colcon_core.package_identification:_identify(.) by extensions ['cmake', 'python']
[0.258s] Level 1:colcon.colcon_core.package_identification:_identify(.) by extension 'cmake'
[0.258s] Level 1:colcon.colcon_core.package_identification:_identify(.) by extension 'python'
[0.258s] Level 1:colcon.colcon_core.package_identification:_identify(.) by extensions ['python_setup_py']
[0.258s] Level 1:colcon.colcon_core.package_identification:_identify(.) by extension 'python_setup_py'
[0.258s] Level 1:colcon.colcon_core.package_identification:_identify(build) by extensions ['ignore', 'ignore_ament_install']
[0.258s] Level 1:colcon.colcon_core.package_identification:_identify(build) by extension 'ignore'
[0.258s] Level 1:colcon.colcon_core.package_identification:_identify(build) ignored
[0.258s] Level 1:colcon.colcon_core.package_identification:_identify(install) by extensions ['ignore', 'ignore_ament_install']
[0.258s] Level 1:colcon.colcon_core.package_identification:_identify(install) by extension 'ignore'
[0.259s] Level 1:colcon.colcon_core.package_identification:_identify(install) ignored
[0.259s] Level 1:colcon.colcon_core.package_identification:_identify(log) by extensions ['ignore', 'ignore_ament_install']
[0.259s] Level 1:colcon.colcon_core.package_identification:_identify(log) by extension 'ignore'
[0.259s] Level 1:colcon.colcon_core.package_identification:_identify(log) ignored
[0.259s] Level 1:colcon.colcon_core.package_identification:_identify(src) by extensions ['ignore', 'ignore_ament_install']
[0.259s] Level 1:colcon.colcon_core.package_identification:_identify(src) by extension 'ignore'
[0.259s] Level 1:colcon.colcon_core.package_identification:_identify(src) by extension 'ignore_ament_install'
[0.259s] Level 1:colcon.colcon_core.package_identification:_identify(src) by extensions ['colcon_pkg']
[0.259s] Level 1:colcon.colcon_core.package_identification:_identify(src) by extension 'colcon_pkg'
[0.259s] Level 1:colcon.colcon_core.package_identification:_identify(src) by extensions ['colcon_meta']
[0.259s] Level 1:colcon.colcon_core.package_identification:_identify(src) by extension 'colcon_meta'
[0.259s] Level 1:colcon.colcon_core.package_identification:_identify(src) by extensions ['ros']
[0.259s] Level 1:colcon.colcon_core.package_identification:_identify(src) by extension 'ros'
[0.259s] Level 1:colcon.colcon_core.package_identification:_identify(src) by extensions ['cmake', 'python']
[0.259s] Level 1:colcon.colcon_core.package_identification:_identify(src) by extension 'cmake'
[0.259s] Level 1:colcon.colcon_core.package_identification:_identify(src) by extension 'python'
[0.259s] Level 1:colcon.colcon_core.package_identification:_identify(src) by extensions ['python_setup_py']
[0.259s] Level 1:colcon.colcon_core.package_identification:_identify(src) by extension 'python_setup_py'
[0.259s] Level 1:colcon.colcon_core.package_identification:_identify(src/rbot250) by extensions ['ignore', 'ignore_ament_install']
[0.259s] Level 1:colcon.colcon_core.package_identification:_identify(src/rbot250) by extension 'ignore'
[0.259s] Level 1:colcon.colcon_core.package_identification:_identify(src/rbot250) by extension 'ignore_ament_install'
[0.259s] Level 1:colcon.colcon_core.package_identification:_identify(src/rbot250) by extensions ['colcon_pkg']
[0.259s] Level 1:colcon.colcon_core.package_identification:_identify(src/rbot250) by extension 'colcon_pkg'
[0.260s] Level 1:colcon.colcon_core.package_identification:_identify(src/rbot250) by extensions ['colcon_meta']
[0.260s] Level 1:colcon.colcon_core.package_identification:_identify(src/rbot250) by extension 'colcon_meta'
[0.260s] Level 1:colcon.colcon_core.package_identification:_identify(src/rbot250) by extensions ['ros']
[0.260s] Level 1:colcon.colcon_core.package_identification:_identify(src/rbot250) by extension 'ros'
[0.261s] DEBUG:colcon.colcon_core.package_identification:Package 'src/rbot250' with type 'ros.ament_cmake' and name 'rbot250'
[0.261s] Level 1:colcon.colcon_core.package_discovery:discover_packages(recursive) using defaults
[0.262s] Level 1:colcon.colcon_core.package_discovery:discover_packages(ignore) discover
[0.262s] Level 1:colcon.colcon_core.package_discovery:discover_packages(ignore) using defaults
[0.262s] Level 1:colcon.colcon_core.package_discovery:discover_packages(path) discover
[0.262s] Level 1:colcon.colcon_core.package_discovery:discover_packages(path) using defaults
[0.275s] Level 5:colcon.colcon_core.verb:set package 'rbot250' build argument 'cmake_args' from command line to 'None'
[0.275s] Level 5:colcon.colcon_core.verb:set package 'rbot250' build argument 'cmake_target' from command line to 'None'
[0.275s] Level 5:colcon.colcon_core.verb:set package 'rbot250' build argument 'cmake_target_skip_unavailable' from command line to 'False'
[0.275s] Level 5:colcon.colcon_core.verb:set package 'rbot250' build argument 'cmake_clean_cache' from command line to 'False'
[0.276s] Level 5:colcon.colcon_core.verb:set package 'rbot250' build argument 'cmake_clean_first' from command line to 'False'
[0.276s] Level 5:colcon.colcon_core.verb:set package 'rbot250' build argument 'cmake_force_configure' from command line to 'False'
[0.276s] Level 5:colcon.colcon_core.verb:set package 'rbot250' build argument 'ament_cmake_args' from command line to 'None'
[0.276s] Level 5:colcon.colcon_core.verb:set package 'rbot250' build argument 'catkin_cmake_args' from command line to 'None'
[0.276s] Level 5:colcon.colcon_core.verb:set package 'rbot250' build argument 'catkin_skip_building_tests' from command line to 'False'
[0.276s] DEBUG:colcon.colcon_core.verb:Building package 'rbot250' with the following arguments: {'ament_cmake_args': None, 'build_base': '/home/salinee/salinee_ws/build/rbot250', 'catkin_cmake_args': None, 'catkin_skip_building_tests': False, 'cmake_args': None, 'cmake_clean_cache': False, 'cmake_clean_first': False, 'cmake_force_configure': False, 'cmake_target': None, 'cmake_target_skip_unavailable': False, 'install_base': '/home/salinee/salinee_ws/install/rbot250', 'merge_install': False, 'path': '/home/salinee/salinee_ws/src/rbot250', 'symlink_install': False, 'test_result_base': None}
[0.276s] INFO:colcon.colcon_core.executor:Executing jobs using 'parallel' executor
[0.278s] DEBUG:colcon.colcon_parallel_executor.executor.parallel:run_until_complete
[0.278s] INFO:colcon.colcon_ros.task.ament_cmake.build:Building ROS package in '/home/salinee/salinee_ws/src/rbot250' with build type 'ament_cmake'
[0.279s] INFO:colcon.colcon_cmake.task.cmake.build:Building CMake package in '/home/salinee/salinee_ws/src/rbot250'
[0.281s] INFO:colcon.colcon_core.plugin_system:Skipping extension 'colcon_core.shell.bat': Not used on non-Windows systems
[0.281s] INFO:colcon.colcon_core.shell:Skip shell extension 'powershell' for command environment: Not usable outside of PowerShell
[0.281s] DEBUG:colcon.colcon_core.shell:Skip shell extension 'dsv' for command environment
[0.282s] DEBUG:colcon.colcon_core.shell:Ignoring prefix path '/opt/ros/rolling'
[0.291s] DEBUG:colcon.colcon_core.event_handler.log_command:Invoking command in '/home/salinee/salinee_ws/build/rbot250': CMAKE_PREFIX_PATH=/opt/ros/rolling /usr/bin/cmake --build /home/salinee/salinee_ws/build/rbot250 -- -j1 -l1
[9.129s] DEBUG:colcon.colcon_core.event_handler.log_command:Invoked command in '/home/salinee/salinee_ws/build/rbot250' returned '0': CMAKE_PREFIX_PATH=/opt/ros/rolling /usr/bin/cmake --build /home/salinee/salinee_ws/build/rbot250 -- -j1 -l1
[9.165s] DEBUG:colcon.colcon_core.event_handler.log_command:Invoking command in '/home/salinee/salinee_ws/build/rbot250': CMAKE_PREFIX_PATH=/opt/ros/rolling /usr/bin/cmake --install /home/salinee/salinee_ws/build/rbot250
[9.209s] Level 1:colcon.colcon_core.environment:create_environment_scripts_only(rbot250)
[9.210s] DEBUG:colcon.colcon_core.event_handler.log_command:Invoked command in '/home/salinee/salinee_ws/build/rbot250' returned '0': CMAKE_PREFIX_PATH=/opt/ros/rolling /usr/bin/cmake --install /home/salinee/salinee_ws/build/rbot250
[9.212s] Level 1:colcon.colcon_core.environment:checking '/home/salinee/salinee_ws/install/rbot250' for CMake module files
[9.212s] Level 1:colcon.colcon_core.environment:checking '/home/salinee/salinee_ws/install/rbot250' for CMake config files
[9.213s] Level 1:colcon.colcon_core.shell:create_environment_hook('rbot250', 'cmake_prefix_path')
[9.213s] INFO:colcon.colcon_core.shell:Creating environment hook '/home/salinee/salinee_ws/install/rbot250/share/rbot250/hook/cmake_prefix_path.ps1'
[9.215s] INFO:colcon.colcon_core.shell:Creating environment descriptor '/home/salinee/salinee_ws/install/rbot250/share/rbot250/hook/cmake_prefix_path.dsv'
[9.215s] INFO:colcon.colcon_core.shell:Creating environment hook '/home/salinee/salinee_ws/install/rbot250/share/rbot250/hook/cmake_prefix_path.sh'
[9.217s] Level 1:colcon.colcon_core.environment:checking '/home/salinee/salinee_ws/install/rbot250/lib'
[9.217s] Level 1:colcon.colcon_core.environment:checking '/home/salinee/salinee_ws/install/rbot250/bin'
[9.217s] Level 1:colcon.colcon_core.environment:checking '/home/salinee/salinee_ws/install/rbot250/lib/pkgconfig/rbot250.pc'
[9.217s] Level 1:colcon.colcon_core.environment:checking '/home/salinee/salinee_ws/install/rbot250/lib/python3.8/site-packages'
[9.217s] Level 1:colcon.colcon_core.shell:create_environment_hook('rbot250', 'pythonpath')
[9.218s] INFO:colcon.colcon_core.shell:Creating environment hook '/home/salinee/salinee_ws/install/rbot250/share/rbot250/hook/pythonpath.ps1'
[9.218s] INFO:colcon.colcon_core.shell:Creating environment descriptor '/home/salinee/salinee_ws/install/rbot250/share/rbot250/hook/pythonpath.dsv'
[9.219s] INFO:colcon.colcon_core.shell:Creating environment hook '/home/salinee/salinee_ws/install/rbot250/share/rbot250/hook/pythonpath.sh'
[9.220s] INFO:colcon.colcon_core.shell:Creating package script '/home/salinee/salinee_ws/install/rbot250/share/rbot250/package.ps1'
[9.221s] INFO:colcon.colcon_core.shell:Creating package descriptor '/home/salinee/salinee_ws/install/rbot250/share/rbot250/package.dsv'
[9.222s] INFO:colcon.colcon_core.shell:Creating package script '/home/salinee/salinee_ws/install/rbot250/share/rbot250/package.sh'
[9.222s] INFO:colcon.colcon_core.shell:Creating package script '/home/salinee/salinee_ws/install/rbot250/share/rbot250/package.bash'
[9.223s] INFO:colcon.colcon_core.shell:Creating package script '/home/salinee/salinee_ws/install/rbot250/share/rbot250/package.zsh'
[9.224s] Level 1:colcon.colcon_core.environment:create_file_with_runtime_dependencies(/home/salinee/salinee_ws/install/rbot250/share/colcon-core/packages/rbot250)
[9.249s] Level 1:colcon.colcon_core.environment:create_environment_scripts_only(rbot250)
[9.250s] Level 1:colcon.colcon_core.environment:checking '/home/salinee/salinee_ws/install/rbot250' for CMake module files
[9.250s] Level 1:colcon.colcon_core.environment:checking '/home/salinee/salinee_ws/install/rbot250' for CMake config files
[9.251s] Level 1:colcon.colcon_core.shell:create_environment_hook('rbot250', 'cmake_prefix_path')
[9.251s] INFO:colcon.colcon_core.shell:Creating environment hook '/home/salinee/salinee_ws/install/rbot250/share/rbot250/hook/cmake_prefix_path.ps1'
[9.252s] INFO:colcon.colcon_core.shell:Creating environment descriptor '/home/salinee/salinee_ws/install/rbot250/share/rbot250/hook/cmake_prefix_path.dsv'
[9.252s] INFO:colcon.colcon_core.shell:Creating environment hook '/home/salinee/salinee_ws/install/rbot250/share/rbot250/hook/cmake_prefix_path.sh'
[9.253s] Level 1:colcon.colcon_core.environment:checking '/home/salinee/salinee_ws/install/rbot250/lib'
[9.253s] Level 1:colcon.colcon_core.environment:checking '/home/salinee/salinee_ws/install/rbot250/bin'
[9.253s] Level 1:colcon.colcon_core.environment:checking '/home/salinee/salinee_ws/install/rbot250/lib/pkgconfig/rbot250.pc'
[9.253s] Level 1:colcon.colcon_core.environment:checking '/home/salinee/salinee_ws/install/rbot250/lib/python3.8/site-packages'
[9.253s] Level 1:colcon.colcon_core.shell:create_environment_hook('rbot250', 'pythonpath')
[9.254s] INFO:colcon.colcon_core.shell:Creating environment hook '/home/salinee/salinee_ws/install/rbot250/share/rbot250/hook/pythonpath.ps1'
[9.254s] INFO:colcon.colcon_core.shell:Creating environment descriptor '/home/salinee/salinee_ws/install/rbot250/share/rbot250/hook/pythonpath.dsv'
[9.255s] INFO:colcon.colcon_core.shell:Creating environment hook '/home/salinee/salinee_ws/install/rbot250/share/rbot250/hook/pythonpath.sh'
[9.256s] INFO:colcon.colcon_core.shell:Creating package script '/home/salinee/salinee_ws/install/rbot250/share/rbot250/package.ps1'
[9.257s] INFO:colcon.colcon_core.shell:Creating package descriptor '/home/salinee/salinee_ws/install/rbot250/share/rbot250/package.dsv'
[9.258s] INFO:colcon.colcon_core.shell:Creating package script '/home/salinee/salinee_ws/install/rbot250/share/rbot250/package.sh'
[9.259s] INFO:colcon.colcon_core.shell:Creating package script '/home/salinee/salinee_ws/install/rbot250/share/rbot250/package.bash'
[9.259s] INFO:colcon.colcon_core.shell:Creating package script '/home/salinee/salinee_ws/install/rbot250/share/rbot250/package.zsh'
[9.260s] Level 1:colcon.colcon_core.environment:create_file_with_runtime_dependencies(/home/salinee/salinee_ws/install/rbot250/share/colcon-core/packages/rbot250)
[9.261s] DEBUG:colcon.colcon_parallel_executor.executor.parallel:closing loop
[9.261s] DEBUG:colcon.colcon_parallel_executor.executor.parallel:loop closed
[9.261s] DEBUG:colcon.colcon_parallel_executor.executor.parallel:run_until_complete finished with '0'
[9.261s] DEBUG:colcon.colcon_core.event_reactor:joining thread
[9.265s] INFO:colcon.colcon_core.plugin_system:Skipping extension 'colcon_notification.desktop_notification.terminal_notifier': Not used on non-Darwin systems
[9.265s] INFO:colcon.colcon_core.plugin_system:Skipping extension 'colcon_notification.desktop_notification.win32': Not used on non-Windows systems
[9.265s] INFO:colcon.colcon_notification.desktop_notification:Sending desktop notification using 'notify2'
[9.279s] DEBUG:colcon.colcon_core.event_reactor:joined thread
[9.280s] INFO:colcon.colcon_core.shell:Creating prefix script '/home/salinee/salinee_ws/install/local_setup.ps1'
[9.281s] INFO:colcon.colcon_core.shell:Creating prefix util module '/home/salinee/salinee_ws/install/_local_setup_util_ps1.py'
[9.285s] INFO:colcon.colcon_core.shell:Creating prefix chain script '/home/salinee/salinee_ws/install/setup.ps1'
[9.297s] INFO:colcon.colcon_core.shell:Creating prefix script '/home/salinee/salinee_ws/install/local_setup.sh'
[9.298s] INFO:colcon.colcon_core.shell:Creating prefix util module '/home/salinee/salinee_ws/install/_local_setup_util_sh.py'
[9.299s] INFO:colcon.colcon_core.shell:Creating prefix chain script '/home/salinee/salinee_ws/install/setup.sh'
[9.301s] INFO:colcon.colcon_core.shell:Creating prefix script '/home/salinee/salinee_ws/install/local_setup.bash'
[9.302s] INFO:colcon.colcon_core.shell:Creating prefix chain script '/home/salinee/salinee_ws/install/setup.bash'
[9.303s] INFO:colcon.colcon_core.shell:Creating prefix script '/home/salinee/salinee_ws/install/local_setup.zsh'
[9.304s] INFO:colcon.colcon_core.shell:Creating prefix chain script '/home/salinee/salinee_ws/install/setup.zsh'
