[0.007s] Invoking command in '/home/salinee/salinee_ws/build/rbot250': CMAKE_PREFIX_PATH=/opt/ros/rolling /usr/bin/cmake --build /home/salinee/salinee_ws/build/rbot250 -- -j1 -l1
[0.088s] [  0%] Built target ament_cmake_python_symlink_rbot250
[0.300s] running egg_info
[0.300s] writing rbot250.egg-info/PKG-INFO
[0.301s] writing dependency_links to rbot250.egg-info/dependency_links.txt
[0.302s] writing top-level names to rbot250.egg-info/top_level.txt
[0.328s] reading manifest file 'rbot250.egg-info/SOURCES.txt'
[0.329s] writing manifest file 'rbot250.egg-info/SOURCES.txt'
[0.350s] [  0%] Built target ament_cmake_python_build_rbot250_egg
[0.377s] [100%] Built target cpp_node
[0.387s] Invoked command in '/home/salinee/salinee_ws/build/rbot250' returned '0': CMAKE_PREFIX_PATH=/opt/ros/rolling /usr/bin/cmake --build /home/salinee/salinee_ws/build/rbot250 -- -j1 -l1
[0.424s] Invoking command in '/home/salinee/salinee_ws/build/rbot250': CMAKE_PREFIX_PATH=/opt/ros/rolling /usr/bin/cmake --install /home/salinee/salinee_ws/build/rbot250
[0.433s] -- Install configuration: ""
[0.433s] -- Up-to-date: /home/salinee/salinee_ws/install/rbot250/share/rbot250//launch
[0.434s] -- Installing: /home/salinee/salinee_ws/install/rbot250/share/rbot250//launch/turtle_tf2_demo.launch.py
[0.434s] -- Up-to-date: /home/salinee/salinee_ws/install/rbot250/lib/rbot250/cpp_node
[0.434s] -- Up-to-date: /home/salinee/salinee_ws/install/rbot250/share/rbot250/environment/pythonpath.sh
[0.434s] -- Up-to-date: /home/salinee/salinee_ws/install/rbot250/share/rbot250/environment/pythonpath.dsv
[0.434s] -- Up-to-date: /home/salinee/salinee_ws/install/rbot250/lib/python3.8/site-packages//rbot250.egg-info
[0.435s] -- Installing: /home/salinee/salinee_ws/install/rbot250/lib/python3.8/site-packages//rbot250.egg-info/PKG-INFO
[0.435s] -- Installing: /home/salinee/salinee_ws/install/rbot250/lib/python3.8/site-packages//rbot250.egg-info/top_level.txt
[0.435s] -- Installing: /home/salinee/salinee_ws/install/rbot250/lib/python3.8/site-packages//rbot250.egg-info/SOURCES.txt
[0.435s] -- Installing: /home/salinee/salinee_ws/install/rbot250/lib/python3.8/site-packages//rbot250.egg-info/dependency_links.txt
[0.436s] -- Up-to-date: /home/salinee/salinee_ws/install/rbot250/lib/python3.8/site-packages/rbot250
[0.436s] -- Up-to-date: /home/salinee/salinee_ws/install/rbot250/lib/python3.8/site-packages/rbot250/module_to_import.py
[0.437s] -- Up-to-date: /home/salinee/salinee_ws/install/rbot250/lib/python3.8/site-packages/rbot250/__init__.py
[0.460s] Listing '/home/salinee/salinee_ws/install/rbot250/lib/python3.8/site-packages/rbot250'...
[0.463s] -- Up-to-date: /home/salinee/salinee_ws/install/rbot250/lib/rbot250/py_node.py
[0.463s] -- Up-to-date: /home/salinee/salinee_ws/install/rbot250/share/ament_index/resource_index/package_run_dependencies/rbot250
[0.463s] -- Up-to-date: /home/salinee/salinee_ws/install/rbot250/share/ament_index/resource_index/parent_prefix_path/rbot250
[0.463s] -- Up-to-date: /home/salinee/salinee_ws/install/rbot250/share/rbot250/environment/ament_prefix_path.sh
[0.463s] -- Up-to-date: /home/salinee/salinee_ws/install/rbot250/share/rbot250/environment/ament_prefix_path.dsv
[0.464s] -- Up-to-date: /home/salinee/salinee_ws/install/rbot250/share/rbot250/environment/path.sh
[0.464s] -- Up-to-date: /home/salinee/salinee_ws/install/rbot250/share/rbot250/environment/path.dsv
[0.464s] -- Up-to-date: /home/salinee/salinee_ws/install/rbot250/share/rbot250/local_setup.bash
[0.464s] -- Up-to-date: /home/salinee/salinee_ws/install/rbot250/share/rbot250/local_setup.sh
[0.464s] -- Up-to-date: /home/salinee/salinee_ws/install/rbot250/share/rbot250/local_setup.zsh
[0.465s] -- Up-to-date: /home/salinee/salinee_ws/install/rbot250/share/rbot250/local_setup.dsv
[0.465s] -- Installing: /home/salinee/salinee_ws/install/rbot250/share/rbot250/package.dsv
[0.465s] -- Up-to-date: /home/salinee/salinee_ws/install/rbot250/share/ament_index/resource_index/packages/rbot250
[0.465s] -- Up-to-date: /home/salinee/salinee_ws/install/rbot250/share/rbot250/cmake/rbot250Config.cmake
[0.465s] -- Up-to-date: /home/salinee/salinee_ws/install/rbot250/share/rbot250/cmake/rbot250Config-version.cmake
[0.468s] -- Up-to-date: /home/salinee/salinee_ws/install/rbot250/share/rbot250/package.xml
[0.473s] Invoked command in '/home/salinee/salinee_ws/build/rbot250' returned '0': CMAKE_PREFIX_PATH=/opt/ros/rolling /usr/bin/cmake --install /home/salinee/salinee_ws/build/rbot250
