[0.006s] Invoking command in '/home/salinee/salinee_ws/build/rbot250': CMAKE_PREFIX_PATH=/opt/ros/rolling /usr/bin/cmake /home/salinee/salinee_ws/src/rbot250 -DCMAKE_INSTALL_PREFIX=/home/salinee/salinee_ws/install/rbot250
[0.036s] -- Found ament_cmake: 1.1.4 (/opt/ros/rolling/share/ament_cmake/cmake)
[0.063s] -- Using PYTHON_EXECUTABLE: /usr/bin/python3
[0.150s] -- Found rclcpp: 13.0.0 (/opt/ros/rolling/share/rclcpp/cmake)
[0.179s] -- Using all available rosidl_typesupport_c: rosidl_typesupport_fastrtps_c;rosidl_typesupport_introspection_c
[0.182s] -- Found rosidl_adapter: 2.5.0 (/opt/ros/rolling/share/rosidl_adapter/cmake)
[0.210s] -- Using all available rosidl_typesupport_cpp: rosidl_typesupport_fastrtps_cpp;rosidl_typesupport_introspection_cpp
[0.258s] -- Found rmw_implementation_cmake: 5.0.0 (/opt/ros/rolling/share/rmw_implementation_cmake/cmake)
[0.259s] -- Found rmw_cyclonedds_cpp: 0.24.0 (/opt/ros/rolling/share/rmw_cyclonedds_cpp/cmake)
[0.276s] -- Using RMW implementation 'rmw_cyclonedds_cpp' as default
[0.399s] -- Found rclpy: 3.0.1 (/opt/ros/rolling/share/rclpy/cmake)
[0.466s] CMake Error at /opt/ros/rolling/share/ament_cmake_python/cmake/ament_python_install_package.cmake:59 (message):
[0.466s]   ament_python_install_package() the Python package folder
[0.466s]   '/home/salinee/salinee_ws/src/rbot250/rbot250' doesn't contain an
[0.467s]   '__init__.py' file
[0.467s] Call Stack (most recent call first):
[0.467s]   /opt/ros/rolling/share/ament_cmake_python/cmake/ament_python_install_package.cmake:33 (_ament_cmake_python_install_package)
[0.467s]   CMakeLists.txt:33 (ament_python_install_package)
[0.467s] 
[0.468s] 
[0.468s] -- Configuring incomplete, errors occurred!
[0.468s] See also "/home/salinee/salinee_ws/build/rbot250/CMakeFiles/CMakeOutput.log".
[0.468s] See also "/home/salinee/salinee_ws/build/rbot250/CMakeFiles/CMakeError.log".
[0.474s] Invoked command in '/home/salinee/salinee_ws/build/rbot250' returned '1': CMAKE_PREFIX_PATH=/opt/ros/rolling /usr/bin/cmake /home/salinee/salinee_ws/src/rbot250 -DCMAKE_INSTALL_PREFIX=/home/salinee/salinee_ws/install/rbot250
