[01m[K/home/salinee/salinee_ws/src/rbot250/src/cpp_node.cpp:[m[K In member function ‘[01m[Kvoid MinimalPublisher::timer_callback()[m[K’:
[01m[K/home/salinee/salinee_ws/src/rbot250/src/cpp_node.cpp:41:2:[m[K [01;31m[Kerror: [m[K‘[01m[Kt[m[K’ was not declared in this scope; did you mean ‘[01m[Ktm[m[K’?
   41 |  [01;31m[Kt[m[K.transform.translation.x = atof(1.57);
      |  [01;31m[K^[m[K
      |  [32m[Ktm[m[K
[01m[K/home/salinee/salinee_ws/src/rbot250/src/cpp_node.cpp:41:35:[m[K [01;31m[Kerror: [m[Kcannot convert ‘[01m[Kdouble[m[K’ to ‘[01m[Kconst char*[m[K’
   41 |  t.transform.translation.x = atof([01;31m[K1.57[m[K);
      |                                   [01;31m[K^~~~[m[K
      |                                   [01;31m[K|[m[K
      |                                   [01;31m[Kdouble[m[K
In file included from [01m[K/usr/include/c++/9/cstdlib:75[m[K,
                 from [01m[K/usr/include/c++/9/ext/string_conversions.h:41[m[K,
                 from [01m[K/usr/include/c++/9/bits/basic_string.h:6493[m[K,
                 from [01m[K/usr/include/c++/9/string:55[m[K,
                 from [01m[K/usr/include/c++/9/stdexcept:39[m[K,
                 from [01m[K/usr/include/c++/9/array:39[m[K,
                 from [01m[K/usr/include/c++/9/tuple:39[m[K,
                 from [01m[K/usr/include/c++/9/functional:54[m[K,
                 from [01m[K/home/salinee/salinee_ws/src/rbot250/src/cpp_node.cpp:2[m[K:
[01m[K/usr/include/stdlib.h:101:33:[m[K [01;36m[Knote: [m[K  initializing argument 1 of ‘[01m[Kdouble atof(const char*)[m[K’
  101 | extern double atof ([01;36m[Kconst char *__nptr[m[K)
      |                     [01;36m[K~~~~~~~~~~~~^~~~~~[m[K
[01m[K/home/salinee/salinee_ws/src/rbot250/src/cpp_node.cpp:42:38:[m[K [01;31m[Kerror: [m[Kcannot convert ‘[01m[Kdouble[m[K’ to ‘[01m[Kconst char*[m[K’
   42 |     t.transform.translation.y = atof([01;31m[K3.142[m[K);
      |                                      [01;31m[K^~~~~[m[K
      |                                      [01;31m[K|[m[K
      |                                      [01;31m[Kdouble[m[K
In file included from [01m[K/usr/include/c++/9/cstdlib:75[m[K,
                 from [01m[K/usr/include/c++/9/ext/string_conversions.h:41[m[K,
                 from [01m[K/usr/include/c++/9/bits/basic_string.h:6493[m[K,
                 from [01m[K/usr/include/c++/9/string:55[m[K,
                 from [01m[K/usr/include/c++/9/stdexcept:39[m[K,
                 from [01m[K/usr/include/c++/9/array:39[m[K,
                 from [01m[K/usr/include/c++/9/tuple:39[m[K,
                 from [01m[K/usr/include/c++/9/functional:54[m[K,
                 from [01m[K/home/salinee/salinee_ws/src/rbot250/src/cpp_node.cpp:2[m[K:
[01m[K/usr/include/stdlib.h:101:33:[m[K [01;36m[Knote: [m[K  initializing argument 1 of ‘[01m[Kdouble atof(const char*)[m[K’
  101 | extern double atof ([01;36m[Kconst char *__nptr[m[K)
      |                     [01;36m[K~~~~~~~~~~~~^~~~~~[m[K
[01m[K/home/salinee/salinee_ws/src/rbot250/src/cpp_node.cpp:43:43:[m[K [01;31m[Kerror: [m[K‘[01m[KM_Pi[m[K’ was not declared in this scope; did you mean ‘[01m[KM_PI[m[K’?
   43 |     t.transform.translation.z = atof(-2 * [01;31m[KM_Pi[m[K/3);
      |                                           [01;31m[K^~~~[m[K
      |                                           [32m[KM_PI[m[K
[01m[K/home/salinee/salinee_ws/src/rbot250/src/cpp_node.cpp:46:12:[m[K [01;31m[Kerror: [m[Kcannot convert ‘[01m[Kdouble[m[K’ to ‘[01m[Kconst char*[m[K’
   46 |       atof([01;31m[K0.123[m[K),
      |            [01;31m[K^~~~~[m[K
      |            [01;31m[K|[m[K
      |            [01;31m[Kdouble[m[K
In file included from [01m[K/usr/include/c++/9/cstdlib:75[m[K,
                 from [01m[K/usr/include/c++/9/ext/string_conversions.h:41[m[K,
                 from [01m[K/usr/include/c++/9/bits/basic_string.h:6493[m[K,
                 from [01m[K/usr/include/c++/9/string:55[m[K,
                 from [01m[K/usr/include/c++/9/stdexcept:39[m[K,
                 from [01m[K/usr/include/c++/9/array:39[m[K,
                 from [01m[K/usr/include/c++/9/tuple:39[m[K,
                 from [01m[K/usr/include/c++/9/functional:54[m[K,
                 from [01m[K/home/salinee/salinee_ws/src/rbot250/src/cpp_node.cpp:2[m[K:
[01m[K/usr/include/stdlib.h:101:33:[m[K [01;36m[Knote: [m[K  initializing argument 1 of ‘[01m[Kdouble atof(const char*)[m[K’
  101 | extern double atof ([01;36m[Kconst char *__nptr[m[K)
      |                     [01;36m[K~~~~~~~~~~~~^~~~~~[m[K
[01m[K/home/salinee/salinee_ws/src/rbot250/src/cpp_node.cpp:47:12:[m[K [01;31m[Kerror: [m[Kcannot convert ‘[01m[Kdouble[m[K’ to ‘[01m[Kconst char*[m[K’
   47 |       atof([01;31m[K1.57[m[K),
      |            [01;31m[K^~~~[m[K
      |            [01;31m[K|[m[K
      |            [01;31m[Kdouble[m[K
In file included from [01m[K/usr/include/c++/9/cstdlib:75[m[K,
                 from [01m[K/usr/include/c++/9/ext/string_conversions.h:41[m[K,
                 from [01m[K/usr/include/c++/9/bits/basic_string.h:6493[m[K,
                 from [01m[K/usr/include/c++/9/string:55[m[K,
                 from [01m[K/usr/include/c++/9/stdexcept:39[m[K,
                 from [01m[K/usr/include/c++/9/array:39[m[K,
                 from [01m[K/usr/include/c++/9/tuple:39[m[K,
                 from [01m[K/usr/include/c++/9/functional:54[m[K,
                 from [01m[K/home/salinee/salinee_ws/src/rbot250/src/cpp_node.cpp:2[m[K:
[01m[K/usr/include/stdlib.h:101:33:[m[K [01;36m[Knote: [m[K  initializing argument 1 of ‘[01m[Kdouble atof(const char*)[m[K’
  101 | extern double atof ([01;36m[Kconst char *__nptr[m[K)
      |                     [01;36m[K~~~~~~~~~~~~^~~~~~[m[K
[01m[K/home/salinee/salinee_ws/src/rbot250/src/cpp_node.cpp:48:18:[m[K [01;31m[Kerror: [m[Kcannot convert ‘[01m[Kdouble[m[K’ to ‘[01m[Kconst char*[m[K’
   48 |       atof([01;31m[K5*M_PI/6[m[K));
      |            [01;31m[K~~~~~~^~[m[K
      |                  [01;31m[K|[m[K
      |                  [01;31m[Kdouble[m[K
In file included from [01m[K/usr/include/c++/9/cstdlib:75[m[K,
                 from [01m[K/usr/include/c++/9/ext/string_conversions.h:41[m[K,
                 from [01m[K/usr/include/c++/9/bits/basic_string.h:6493[m[K,
                 from [01m[K/usr/include/c++/9/string:55[m[K,
                 from [01m[K/usr/include/c++/9/stdexcept:39[m[K,
                 from [01m[K/usr/include/c++/9/array:39[m[K,
                 from [01m[K/usr/include/c++/9/tuple:39[m[K,
                 from [01m[K/usr/include/c++/9/functional:54[m[K,
                 from [01m[K/home/salinee/salinee_ws/src/rbot250/src/cpp_node.cpp:2[m[K:
[01m[K/usr/include/stdlib.h:101:33:[m[K [01;36m[Knote: [m[K  initializing argument 1 of ‘[01m[Kdouble atof(const char*)[m[K’
  101 | extern double atof ([01;36m[Kconst char *__nptr[m[K)
      |                     [01;36m[K~~~~~~~~~~~~^~~~~~[m[K
make[2]: *** [CMakeFiles/cpp_node.dir/build.make:63: CMakeFiles/cpp_node.dir/src/cpp_node.cpp.o] Error 1
make[1]: *** [CMakeFiles/Makefile2:135: CMakeFiles/cpp_node.dir/all] Error 2
make: *** [Makefile:141: all] Error 2
