[0.210s] Invoking command in '/home/salinee/salinee_ws/src/rbot250_srv': PYTHONPATH=/home/salinee/salinee_ws/install/rbot250_srv/lib/python3.8/site-packages:${PYTHONPATH} /usr/bin/python3 setup.py egg_info --egg-base ../../build/rbot250_srv build --build-base /home/salinee/salinee_ws/build/rbot250_srv/build install --prefix /home/salinee/salinee_ws/install/rbot250_srv --record /home/salinee/salinee_ws/build/rbot250_srv/install.log --single-version-externally-managed
[0.393s] running egg_info
[0.394s] writing ../../build/rbot250_srv/rbot250_srv.egg-info/PKG-INFO
[0.396s] writing dependency_links to ../../build/rbot250_srv/rbot250_srv.egg-info/dependency_links.txt
[0.397s] writing entry points to ../../build/rbot250_srv/rbot250_srv.egg-info/entry_points.txt
[0.397s] writing requirements to ../../build/rbot250_srv/rbot250_srv.egg-info/requires.txt
[0.398s] writing top-level names to ../../build/rbot250_srv/rbot250_srv.egg-info/top_level.txt
[0.423s] reading manifest file '../../build/rbot250_srv/rbot250_srv.egg-info/SOURCES.txt'
[0.423s] writing manifest file '../../build/rbot250_srv/rbot250_srv.egg-info/SOURCES.txt'
[0.424s] running build
[0.424s] running build_py
[0.424s] copying rbot250_srv/service_member_function.py -> /home/salinee/salinee_ws/build/rbot250_srv/build/lib/rbot250_srv
[0.424s] copying rbot250_srv/client_member_function.py -> /home/salinee/salinee_ws/build/rbot250_srv/build/lib/rbot250_srv
[0.425s] running install
[0.425s] running install_lib
[0.426s] copying /home/salinee/salinee_ws/build/rbot250_srv/build/lib/rbot250_srv/service_member_function.py -> /home/salinee/salinee_ws/install/rbot250_srv/lib/python3.8/site-packages/rbot250_srv
[0.426s] copying /home/salinee/salinee_ws/build/rbot250_srv/build/lib/rbot250_srv/client_member_function.py -> /home/salinee/salinee_ws/install/rbot250_srv/lib/python3.8/site-packages/rbot250_srv
[0.427s] byte-compiling /home/salinee/salinee_ws/install/rbot250_srv/lib/python3.8/site-packages/rbot250_srv/service_member_function.py to service_member_function.cpython-38.pyc
[0.428s] byte-compiling /home/salinee/salinee_ws/install/rbot250_srv/lib/python3.8/site-packages/rbot250_srv/client_member_function.py to client_member_function.cpython-38.pyc
[0.428s] running install_data
[0.429s] copying package.xml -> /home/salinee/salinee_ws/install/rbot250_srv/share/rbot250_srv
[0.429s] running install_egg_info
[0.430s] removing '/home/salinee/salinee_ws/install/rbot250_srv/lib/python3.8/site-packages/rbot250_srv-0.0.0-py3.8.egg-info' (and everything under it)
[0.430s] Copying ../../build/rbot250_srv/rbot250_srv.egg-info to /home/salinee/salinee_ws/install/rbot250_srv/lib/python3.8/site-packages/rbot250_srv-0.0.0-py3.8.egg-info
[0.431s] running install_scripts
[0.442s] Installing client script to /home/salinee/salinee_ws/install/rbot250_srv/lib/rbot250_srv
[0.444s] Installing service script to /home/salinee/salinee_ws/install/rbot250_srv/lib/rbot250_srv
[0.445s] writing list of installed files to '/home/salinee/salinee_ws/build/rbot250_srv/install.log'
[0.465s] Invoked command in '/home/salinee/salinee_ws/src/rbot250_srv' returned '0': PYTHONPATH=/home/salinee/salinee_ws/install/rbot250_srv/lib/python3.8/site-packages:${PYTHONPATH} /usr/bin/python3 setup.py egg_info --egg-base ../../build/rbot250_srv build --build-base /home/salinee/salinee_ws/build/rbot250_srv/build install --prefix /home/salinee/salinee_ws/install/rbot250_srv --record /home/salinee/salinee_ws/build/rbot250_srv/install.log --single-version-externally-managed
