[0.239s] DEBUG:colcon:Command line arguments: ['/usr/bin/colcon', 'build', '--packages-select', 'rbot250']
[0.239s] DEBUG:colcon:Parsed command line arguments: Namespace(ament_cmake_args=None, base_paths=['.'], build_base='build', catkin_cmake_args=None, catkin_skip_building_tests=False, cmake_args=None, cmake_clean_cache=False, cmake_clean_first=False, cmake_force_configure=False, cmake_target=None, cmake_target_skip_unavailable=False, continue_on_error=False, event_handlers=None, executor='parallel', ignore_user_meta=False, install_base='install', log_base=None, log_level=None, main=<bound method BuildVerb.main of <colcon_core.verb.build.BuildVerb object at 0x7ff4e1a8b5e0>>, merge_install=False, metas=['./colcon.meta'], packages_above=None, packages_above_and_dependencies=None, packages_above_depth=None, packages_end=None, packages_ignore=None, packages_ignore_regex=None, packages_select=['rbot250'], packages_select_build_failed=False, packages_select_by_dep=None, packages_select_regex=None, packages_select_test_failures=False, packages_skip=None, packages_skip_build_finished=False, packages_skip_by_dep=None, packages_skip_regex=None, packages_skip_test_passed=False, packages_skip_up_to=None, packages_start=None, packages_up_to=None, packages_up_to_regex=None, parallel_workers=1, paths=None, symlink_install=False, test_result_base=None, verb_extension=<colcon_core.verb.build.BuildVerb object at 0x7ff4e1a8b5e0>, verb_name='build', verb_parser=<colcon_defaults.argument_parser.defaults.DefaultArgumentsDecorator object at 0x7ff4e1a8bb20>)
[0.243s] Level 1:colcon.colcon_core.package_discovery:discover_packages(colcon_meta) check parameters
[0.243s] Level 1:colcon.colcon_core.package_discovery:discover_packages(recursive) check parameters
[0.243s] Level 1:colcon.colcon_core.package_discovery:discover_packages(ignore) check parameters
[0.243s] Level 1:colcon.colcon_core.package_discovery:discover_packages(path) check parameters
[0.243s] Level 1:colcon.colcon_core.package_discovery:discover_packages(colcon_meta) discover
[0.243s] Level 1:colcon.colcon_core.package_discovery:discover_packages(recursive) discover
[0.243s] INFO:colcon.colcon_core.package_discovery:Crawling recursively for packages in '/home/salinee/salinee_ws'
[0.243s] Level 1:colcon.colcon_core.package_identification:_identify(.) by extensions ['ignore', 'ignore_ament_install']
[0.243s] Level 1:colcon.colcon_core.package_identification:_identify(.) by extension 'ignore'
[0.243s] Level 1:colcon.colcon_core.package_identification:_identify(.) by extension 'ignore_ament_install'
[0.243s] Level 1:colcon.colcon_core.package_identification:_identify(.) by extensions ['colcon_pkg']
[0.243s] Level 1:colcon.colcon_core.package_identification:_identify(.) by extension 'colcon_pkg'
[0.243s] Level 1:colcon.colcon_core.package_identification:_identify(.) by extensions ['colcon_meta']
[0.243s] Level 1:colcon.colcon_core.package_identification:_identify(.) by extension 'colcon_meta'
[0.244s] Level 1:colcon.colcon_core.package_identification:_identify(.) by extensions ['ros']
[0.244s] Level 1:colcon.colcon_core.package_identification:_identify(.) by extension 'ros'
[0.253s] Level 1:colcon.colcon_core.package_identification:_identify(.) by extensions ['cmake', 'python']
[0.253s] Level 1:colcon.colcon_core.package_identification:_identify(.) by extension 'cmake'
[0.253s] Level 1:colcon.colcon_core.package_identification:_identify(.) by extension 'python'
[0.253s] Level 1:colcon.colcon_core.package_identification:_identify(.) by extensions ['python_setup_py']
[0.253s] Level 1:colcon.colcon_core.package_identification:_identify(.) by extension 'python_setup_py'
[0.253s] Level 1:colcon.colcon_core.package_identification:_identify(build) by extensions ['ignore', 'ignore_ament_install']
[0.253s] Level 1:colcon.colcon_core.package_identification:_identify(build) by extension 'ignore'
[0.253s] Level 1:colcon.colcon_core.package_identification:_identify(build) ignored
[0.253s] Level 1:colcon.colcon_core.package_identification:_identify(install) by extensions ['ignore', 'ignore_ament_install']
[0.253s] Level 1:colcon.colcon_core.package_identification:_identify(install) by extension 'ignore'
[0.253s] Level 1:colcon.colcon_core.package_identification:_identify(install) ignored
[0.253s] Level 1:colcon.colcon_core.package_identification:_identify(log) by extensions ['ignore', 'ignore_ament_install']
[0.253s] Level 1:colcon.colcon_core.package_identification:_identify(log) by extension 'ignore'
[0.253s] Level 1:colcon.colcon_core.package_identification:_identify(log) ignored
[0.253s] Level 1:colcon.colcon_core.package_identification:_identify(src) by extensions ['ignore', 'ignore_ament_install']
[0.253s] Level 1:colcon.colcon_core.package_identification:_identify(src) by extension 'ignore'
[0.254s] Level 1:colcon.colcon_core.package_identification:_identify(src) by extension 'ignore_ament_install'
[0.254s] Level 1:colcon.colcon_core.package_identification:_identify(src) by extensions ['colcon_pkg']
[0.254s] Level 1:colcon.colcon_core.package_identification:_identify(src) by extension 'colcon_pkg'
[0.254s] Level 1:colcon.colcon_core.package_identification:_identify(src) by extensions ['colcon_meta']
[0.254s] Level 1:colcon.colcon_core.package_identification:_identify(src) by extension 'colcon_meta'
[0.254s] Level 1:colcon.colcon_core.package_identification:_identify(src) by extensions ['ros']
[0.254s] Level 1:colcon.colcon_core.package_identification:_identify(src) by extension 'ros'
[0.254s] Level 1:colcon.colcon_core.package_identification:_identify(src) by extensions ['cmake', 'python']
[0.254s] Level 1:colcon.colcon_core.package_identification:_identify(src) by extension 'cmake'
[0.254s] Level 1:colcon.colcon_core.package_identification:_identify(src) by extension 'python'
[0.254s] Level 1:colcon.colcon_core.package_identification:_identify(src) by extensions ['python_setup_py']
[0.254s] Level 1:colcon.colcon_core.package_identification:_identify(src) by extension 'python_setup_py'
[0.254s] Level 1:colcon.colcon_core.package_identification:_identify(src/rbot250) by extensions ['ignore', 'ignore_ament_install']
[0.254s] Level 1:colcon.colcon_core.package_identification:_identify(src/rbot250) by extension 'ignore'
[0.254s] Level 1:colcon.colcon_core.package_identification:_identify(src/rbot250) by extension 'ignore_ament_install'
[0.254s] Level 1:colcon.colcon_core.package_identification:_identify(src/rbot250) by extensions ['colcon_pkg']
[0.254s] Level 1:colcon.colcon_core.package_identification:_identify(src/rbot250) by extension 'colcon_pkg'
[0.254s] Level 1:colcon.colcon_core.package_identification:_identify(src/rbot250) by extensions ['colcon_meta']
[0.254s] Level 1:colcon.colcon_core.package_identification:_identify(src/rbot250) by extension 'colcon_meta'
[0.254s] Level 1:colcon.colcon_core.package_identification:_identify(src/rbot250) by extensions ['ros']
[0.254s] Level 1:colcon.colcon_core.package_identification:_identify(src/rbot250) by extension 'ros'
[0.256s] DEBUG:colcon.colcon_core.package_identification:Package 'src/rbot250' with type 'ros.ament_cmake' and name 'rbot250'
[0.256s] Level 1:colcon.colcon_core.package_discovery:discover_packages(recursive) using defaults
[0.256s] Level 1:colcon.colcon_core.package_discovery:discover_packages(ignore) discover
[0.256s] Level 1:colcon.colcon_core.package_discovery:discover_packages(ignore) using defaults
[0.256s] Level 1:colcon.colcon_core.package_discovery:discover_packages(path) discover
[0.256s] Level 1:colcon.colcon_core.package_discovery:discover_packages(path) using defaults
[0.273s] Level 5:colcon.colcon_core.verb:set package 'rbot250' build argument 'cmake_args' from command line to 'None'
[0.273s] Level 5:colcon.colcon_core.verb:set package 'rbot250' build argument 'cmake_target' from command line to 'None'
[0.273s] Level 5:colcon.colcon_core.verb:set package 'rbot250' build argument 'cmake_target_skip_unavailable' from command line to 'False'
[0.273s] Level 5:colcon.colcon_core.verb:set package 'rbot250' build argument 'cmake_clean_cache' from command line to 'False'
[0.273s] Level 5:colcon.colcon_core.verb:set package 'rbot250' build argument 'cmake_clean_first' from command line to 'False'
[0.273s] Level 5:colcon.colcon_core.verb:set package 'rbot250' build argument 'cmake_force_configure' from command line to 'False'
[0.273s] Level 5:colcon.colcon_core.verb:set package 'rbot250' build argument 'ament_cmake_args' from command line to 'None'
[0.273s] Level 5:colcon.colcon_core.verb:set package 'rbot250' build argument 'catkin_cmake_args' from command line to 'None'
[0.273s] Level 5:colcon.colcon_core.verb:set package 'rbot250' build argument 'catkin_skip_building_tests' from command line to 'False'
[0.273s] DEBUG:colcon.colcon_core.verb:Building package 'rbot250' with the following arguments: {'ament_cmake_args': None, 'build_base': '/home/salinee/salinee_ws/build/rbot250', 'catkin_cmake_args': None, 'catkin_skip_building_tests': False, 'cmake_args': None, 'cmake_clean_cache': False, 'cmake_clean_first': False, 'cmake_force_configure': False, 'cmake_target': None, 'cmake_target_skip_unavailable': False, 'install_base': '/home/salinee/salinee_ws/install/rbot250', 'merge_install': False, 'path': '/home/salinee/salinee_ws/src/rbot250', 'symlink_install': False, 'test_result_base': None}
[0.273s] INFO:colcon.colcon_core.executor:Executing jobs using 'parallel' executor
[0.274s] DEBUG:colcon.colcon_parallel_executor.executor.parallel:run_until_complete
[0.275s] INFO:colcon.colcon_ros.task.ament_cmake.build:Building ROS package in '/home/salinee/salinee_ws/src/rbot250' with build type 'ament_cmake'
[0.275s] INFO:colcon.colcon_cmake.task.cmake.build:Building CMake package in '/home/salinee/salinee_ws/src/rbot250'
[0.277s] INFO:colcon.colcon_core.plugin_system:Skipping extension 'colcon_core.shell.bat': Not used on non-Windows systems
[0.277s] INFO:colcon.colcon_core.shell:Skip shell extension 'powershell' for command environment: Not usable outside of PowerShell
[0.277s] DEBUG:colcon.colcon_core.shell:Skip shell extension 'dsv' for command environment
[0.279s] DEBUG:colcon.colcon_core.shell:Ignoring prefix path '/opt/ros/rolling'
[0.287s] DEBUG:colcon.colcon_core.event_handler.log_command:Invoking command in '/home/salinee/salinee_ws/build/rbot250': CMAKE_PREFIX_PATH=/opt/ros/rolling /usr/bin/cmake --build /home/salinee/salinee_ws/build/rbot250 -- -j1 -l1
[4.582s] DEBUG:colcon.colcon_core.event_handler.log_command:Invoked command in '/home/salinee/salinee_ws/build/rbot250' returned '0': CMAKE_PREFIX_PATH=/opt/ros/rolling /usr/bin/cmake --build /home/salinee/salinee_ws/build/rbot250 -- -j1 -l1
[4.620s] DEBUG:colcon.colcon_core.event_handler.log_command:Invoking command in '/home/salinee/salinee_ws/build/rbot250': CMAKE_PREFIX_PATH=/opt/ros/rolling /usr/bin/cmake --install /home/salinee/salinee_ws/build/rbot250
[4.659s] Level 1:colcon.colcon_core.environment:create_environment_scripts_only(rbot250)
[4.662s] Level 1:colcon.colcon_core.environment:checking '/home/salinee/salinee_ws/install/rbot250' for CMake module files
[4.663s] Level 1:colcon.colcon_core.environment:checking '/home/salinee/salinee_ws/install/rbot250' for CMake config files
[4.663s] Level 1:colcon.colcon_core.shell:create_environment_hook('rbot250', 'cmake_prefix_path')
[4.663s] INFO:colcon.colcon_core.shell:Creating environment hook '/home/salinee/salinee_ws/install/rbot250/share/rbot250/hook/cmake_prefix_path.ps1'
[4.664s] DEBUG:colcon.colcon_core.event_handler.log_command:Invoked command in '/home/salinee/salinee_ws/build/rbot250' returned '0': CMAKE_PREFIX_PATH=/opt/ros/rolling /usr/bin/cmake --install /home/salinee/salinee_ws/build/rbot250
[4.665s] INFO:colcon.colcon_core.shell:Creating environment descriptor '/home/salinee/salinee_ws/install/rbot250/share/rbot250/hook/cmake_prefix_path.dsv'
[4.666s] INFO:colcon.colcon_core.shell:Creating environment hook '/home/salinee/salinee_ws/install/rbot250/share/rbot250/hook/cmake_prefix_path.sh'
[4.668s] Level 1:colcon.colcon_core.environment:checking '/home/salinee/salinee_ws/install/rbot250/lib'
[4.668s] Level 1:colcon.colcon_core.environment:checking '/home/salinee/salinee_ws/install/rbot250/bin'
[4.668s] Level 1:colcon.colcon_core.environment:checking '/home/salinee/salinee_ws/install/rbot250/lib/pkgconfig/rbot250.pc'
[4.668s] Level 1:colcon.colcon_core.environment:checking '/home/salinee/salinee_ws/install/rbot250/lib/python3.8/site-packages'
[4.668s] Level 1:colcon.colcon_core.shell:create_environment_hook('rbot250', 'pythonpath')
[4.668s] INFO:colcon.colcon_core.shell:Creating environment hook '/home/salinee/salinee_ws/install/rbot250/share/rbot250/hook/pythonpath.ps1'
[4.669s] INFO:colcon.colcon_core.shell:Creating environment descriptor '/home/salinee/salinee_ws/install/rbot250/share/rbot250/hook/pythonpath.dsv'
[4.670s] INFO:colcon.colcon_core.shell:Creating environment hook '/home/salinee/salinee_ws/install/rbot250/share/rbot250/hook/pythonpath.sh'
[4.671s] INFO:colcon.colcon_core.shell:Creating package script '/home/salinee/salinee_ws/install/rbot250/share/rbot250/package.ps1'
[4.672s] INFO:colcon.colcon_core.shell:Creating package descriptor '/home/salinee/salinee_ws/install/rbot250/share/rbot250/package.dsv'
[4.672s] INFO:colcon.colcon_core.shell:Creating package script '/home/salinee/salinee_ws/install/rbot250/share/rbot250/package.sh'
[4.673s] INFO:colcon.colcon_core.shell:Creating package script '/home/salinee/salinee_ws/install/rbot250/share/rbot250/package.bash'
[4.674s] INFO:colcon.colcon_core.shell:Creating package script '/home/salinee/salinee_ws/install/rbot250/share/rbot250/package.zsh'
[4.675s] Level 1:colcon.colcon_core.environment:create_file_with_runtime_dependencies(/home/salinee/salinee_ws/install/rbot250/share/colcon-core/packages/rbot250)
[4.703s] Level 1:colcon.colcon_core.environment:create_environment_scripts_only(rbot250)
[4.704s] Level 1:colcon.colcon_core.environment:checking '/home/salinee/salinee_ws/install/rbot250' for CMake module files
[4.704s] Level 1:colcon.colcon_core.environment:checking '/home/salinee/salinee_ws/install/rbot250' for CMake config files
[4.705s] Level 1:colcon.colcon_core.shell:create_environment_hook('rbot250', 'cmake_prefix_path')
[4.705s] INFO:colcon.colcon_core.shell:Creating environment hook '/home/salinee/salinee_ws/install/rbot250/share/rbot250/hook/cmake_prefix_path.ps1'
[4.706s] INFO:colcon.colcon_core.shell:Creating environment descriptor '/home/salinee/salinee_ws/install/rbot250/share/rbot250/hook/cmake_prefix_path.dsv'
[4.707s] INFO:colcon.colcon_core.shell:Creating environment hook '/home/salinee/salinee_ws/install/rbot250/share/rbot250/hook/cmake_prefix_path.sh'
[4.707s] Level 1:colcon.colcon_core.environment:checking '/home/salinee/salinee_ws/install/rbot250/lib'
[4.707s] Level 1:colcon.colcon_core.environment:checking '/home/salinee/salinee_ws/install/rbot250/bin'
[4.707s] Level 1:colcon.colcon_core.environment:checking '/home/salinee/salinee_ws/install/rbot250/lib/pkgconfig/rbot250.pc'
[4.707s] Level 1:colcon.colcon_core.environment:checking '/home/salinee/salinee_ws/install/rbot250/lib/python3.8/site-packages'
[4.707s] Level 1:colcon.colcon_core.shell:create_environment_hook('rbot250', 'pythonpath')
[4.708s] INFO:colcon.colcon_core.shell:Creating environment hook '/home/salinee/salinee_ws/install/rbot250/share/rbot250/hook/pythonpath.ps1'
[4.708s] INFO:colcon.colcon_core.shell:Creating environment descriptor '/home/salinee/salinee_ws/install/rbot250/share/rbot250/hook/pythonpath.dsv'
[4.709s] INFO:colcon.colcon_core.shell:Creating environment hook '/home/salinee/salinee_ws/install/rbot250/share/rbot250/hook/pythonpath.sh'
[4.710s] INFO:colcon.colcon_core.shell:Creating package script '/home/salinee/salinee_ws/install/rbot250/share/rbot250/package.ps1'
[4.711s] INFO:colcon.colcon_core.shell:Creating package descriptor '/home/salinee/salinee_ws/install/rbot250/share/rbot250/package.dsv'
[4.711s] INFO:colcon.colcon_core.shell:Creating package script '/home/salinee/salinee_ws/install/rbot250/share/rbot250/package.sh'
[4.712s] INFO:colcon.colcon_core.shell:Creating package script '/home/salinee/salinee_ws/install/rbot250/share/rbot250/package.bash'
[4.713s] INFO:colcon.colcon_core.shell:Creating package script '/home/salinee/salinee_ws/install/rbot250/share/rbot250/package.zsh'
[4.713s] Level 1:colcon.colcon_core.environment:create_file_with_runtime_dependencies(/home/salinee/salinee_ws/install/rbot250/share/colcon-core/packages/rbot250)
[4.715s] DEBUG:colcon.colcon_parallel_executor.executor.parallel:closing loop
[4.715s] DEBUG:colcon.colcon_parallel_executor.executor.parallel:loop closed
[4.715s] DEBUG:colcon.colcon_parallel_executor.executor.parallel:run_until_complete finished with '0'
[4.715s] DEBUG:colcon.colcon_core.event_reactor:joining thread
[4.719s] INFO:colcon.colcon_core.plugin_system:Skipping extension 'colcon_notification.desktop_notification.terminal_notifier': Not used on non-Darwin systems
[4.719s] INFO:colcon.colcon_core.plugin_system:Skipping extension 'colcon_notification.desktop_notification.win32': Not used on non-Windows systems
[4.719s] INFO:colcon.colcon_notification.desktop_notification:Sending desktop notification using 'notify2'
[4.737s] DEBUG:colcon.colcon_core.event_reactor:joined thread
[4.738s] INFO:colcon.colcon_core.shell:Creating prefix script '/home/salinee/salinee_ws/install/local_setup.ps1'
[4.739s] INFO:colcon.colcon_core.shell:Creating prefix util module '/home/salinee/salinee_ws/install/_local_setup_util_ps1.py'
[4.741s] INFO:colcon.colcon_core.shell:Creating prefix chain script '/home/salinee/salinee_ws/install/setup.ps1'
[4.745s] INFO:colcon.colcon_core.shell:Creating prefix script '/home/salinee/salinee_ws/install/local_setup.sh'
[4.755s] INFO:colcon.colcon_core.shell:Creating prefix util module '/home/salinee/salinee_ws/install/_local_setup_util_sh.py'
[4.757s] INFO:colcon.colcon_core.shell:Creating prefix chain script '/home/salinee/salinee_ws/install/setup.sh'
[4.759s] INFO:colcon.colcon_core.shell:Creating prefix script '/home/salinee/salinee_ws/install/local_setup.bash'
[4.759s] INFO:colcon.colcon_core.shell:Creating prefix chain script '/home/salinee/salinee_ws/install/setup.bash'
[4.761s] INFO:colcon.colcon_core.shell:Creating prefix script '/home/salinee/salinee_ws/install/local_setup.zsh'
[4.762s] INFO:colcon.colcon_core.shell:Creating prefix chain script '/home/salinee/salinee_ws/install/setup.zsh'
