[0.224s] Invoking command in '/home/salinee/salinee_ws/src/rbot250_srv': PYTHONPATH=/home/salinee/salinee_ws/install/rbot250_srv/lib/python3.8/site-packages:${PYTHONPATH} /usr/bin/python3 setup.py egg_info --egg-base ../../build/rbot250_srv build --build-base /home/salinee/salinee_ws/build/rbot250_srv/build install --prefix /home/salinee/salinee_ws/install/rbot250_srv --record /home/salinee/salinee_ws/build/rbot250_srv/install.log --single-version-externally-managed
[0.409s] running egg_info
[0.409s] writing ../../build/rbot250_srv/rbot250_srv.egg-info/PKG-INFO
[0.411s] writing dependency_links to ../../build/rbot250_srv/rbot250_srv.egg-info/dependency_links.txt
[0.412s] writing entry points to ../../build/rbot250_srv/rbot250_srv.egg-info/entry_points.txt
[0.412s] writing requirements to ../../build/rbot250_srv/rbot250_srv.egg-info/requires.txt
[0.413s] writing top-level names to ../../build/rbot250_srv/rbot250_srv.egg-info/top_level.txt
[0.438s] reading manifest file '../../build/rbot250_srv/rbot250_srv.egg-info/SOURCES.txt'
[0.438s] writing manifest file '../../build/rbot250_srv/rbot250_srv.egg-info/SOURCES.txt'
[0.440s] running build
[0.440s] running build_py
[0.440s] running install
[0.441s] running install_lib
[0.442s] running install_data
[0.442s] running install_egg_info
[0.444s] removing '/home/salinee/salinee_ws/install/rbot250_srv/lib/python3.8/site-packages/rbot250_srv-0.0.0-py3.8.egg-info' (and everything under it)
[0.444s] Copying ../../build/rbot250_srv/rbot250_srv.egg-info to /home/salinee/salinee_ws/install/rbot250_srv/lib/python3.8/site-packages/rbot250_srv-0.0.0-py3.8.egg-info
[0.445s] running install_scripts
[0.457s] Installing client script to /home/salinee/salinee_ws/install/rbot250_srv/lib/rbot250_srv
[0.460s] Installing service script to /home/salinee/salinee_ws/install/rbot250_srv/lib/rbot250_srv
[0.461s] writing list of installed files to '/home/salinee/salinee_ws/build/rbot250_srv/install.log'
[0.480s] Invoked command in '/home/salinee/salinee_ws/src/rbot250_srv' returned '0': PYTHONPATH=/home/salinee/salinee_ws/install/rbot250_srv/lib/python3.8/site-packages:${PYTHONPATH} /usr/bin/python3 setup.py egg_info --egg-base ../../build/rbot250_srv build --build-base /home/salinee/salinee_ws/build/rbot250_srv/build install --prefix /home/salinee/salinee_ws/install/rbot250_srv --record /home/salinee/salinee_ws/build/rbot250_srv/install.log --single-version-externally-managed
