running egg_info
writing ../../build/rbot250_srv/rbot250_srv.egg-info/PKG-INFO
writing dependency_links to ../../build/rbot250_srv/rbot250_srv.egg-info/dependency_links.txt
writing entry points to ../../build/rbot250_srv/rbot250_srv.egg-info/entry_points.txt
writing requirements to ../../build/rbot250_srv/rbot250_srv.egg-info/requires.txt
writing top-level names to ../../build/rbot250_srv/rbot250_srv.egg-info/top_level.txt
reading manifest file '../../build/rbot250_srv/rbot250_srv.egg-info/SOURCES.txt'
writing manifest file '../../build/rbot250_srv/rbot250_srv.egg-info/SOURCES.txt'
running build
running build_py
copying rbot250_srv/service_member_function.py -> /home/salinee/salinee_ws/build/rbot250_srv/build/lib/rbot250_srv
copying rbot250_srv/client_member_function.py -> /home/salinee/salinee_ws/build/rbot250_srv/build/lib/rbot250_srv
running install
running install_lib
copying /home/salinee/salinee_ws/build/rbot250_srv/build/lib/rbot250_srv/service_member_function.py -> /home/salinee/salinee_ws/install/rbot250_srv/lib/python3.8/site-packages/rbot250_srv
copying /home/salinee/salinee_ws/build/rbot250_srv/build/lib/rbot250_srv/client_member_function.py -> /home/salinee/salinee_ws/install/rbot250_srv/lib/python3.8/site-packages/rbot250_srv
byte-compiling /home/salinee/salinee_ws/install/rbot250_srv/lib/python3.8/site-packages/rbot250_srv/service_member_function.py to service_member_function.cpython-38.pyc
byte-compiling /home/salinee/salinee_ws/install/rbot250_srv/lib/python3.8/site-packages/rbot250_srv/client_member_function.py to client_member_function.cpython-38.pyc
running install_data
running install_egg_info
removing '/home/salinee/salinee_ws/install/rbot250_srv/lib/python3.8/site-packages/rbot250_srv-0.0.0-py3.8.egg-info' (and everything under it)
Copying ../../build/rbot250_srv/rbot250_srv.egg-info to /home/salinee/salinee_ws/install/rbot250_srv/lib/python3.8/site-packages/rbot250_srv-0.0.0-py3.8.egg-info
running install_scripts
Installing client script to /home/salinee/salinee_ws/install/rbot250_srv/lib/rbot250_srv
Installing service script to /home/salinee/salinee_ws/install/rbot250_srv/lib/rbot250_srv
writing list of installed files to '/home/salinee/salinee_ws/build/rbot250_srv/install.log'
