[0.211s] Invoking command in '/home/salinee/salinee_ws/src/rbot250_srv': PYTHONPATH=/home/salinee/salinee_ws/install/rbot250_srv/lib/python3.8/site-packages:${PYTHONPATH} /usr/bin/python3 setup.py egg_info --egg-base ../../build/rbot250_srv build --build-base /home/salinee/salinee_ws/build/rbot250_srv/build install --prefix /home/salinee/salinee_ws/install/rbot250_srv --record /home/salinee/salinee_ws/build/rbot250_srv/install.log --single-version-externally-managed
[0.399s] running egg_info
[0.399s] writing ../../build/rbot250_srv/rbot250_srv.egg-info/PKG-INFO
[0.400s] writing dependency_links to ../../build/rbot250_srv/rbot250_srv.egg-info/dependency_links.txt
[0.401s] writing entry points to ../../build/rbot250_srv/rbot250_srv.egg-info/entry_points.txt
[0.402s] writing requirements to ../../build/rbot250_srv/rbot250_srv.egg-info/requires.txt
[0.403s] writing top-level names to ../../build/rbot250_srv/rbot250_srv.egg-info/top_level.txt
[0.429s] reading manifest file '../../build/rbot250_srv/rbot250_srv.egg-info/SOURCES.txt'
[0.430s] writing manifest file '../../build/rbot250_srv/rbot250_srv.egg-info/SOURCES.txt'
[0.431s] running build
[0.431s] running build_py
[0.431s] copying rbot250_srv/service_member_function.py -> /home/salinee/salinee_ws/build/rbot250_srv/build/lib/rbot250_srv
[0.431s] copying rbot250_srv/client_member_function.py -> /home/salinee/salinee_ws/build/rbot250_srv/build/lib/rbot250_srv
[0.431s] running install
[0.432s] running install_lib
[0.433s] copying /home/salinee/salinee_ws/build/rbot250_srv/build/lib/rbot250_srv/service_member_function.py -> /home/salinee/salinee_ws/install/rbot250_srv/lib/python3.8/site-packages/rbot250_srv
[0.433s] copying /home/salinee/salinee_ws/build/rbot250_srv/build/lib/rbot250_srv/client_member_function.py -> /home/salinee/salinee_ws/install/rbot250_srv/lib/python3.8/site-packages/rbot250_srv
[0.434s] byte-compiling /home/salinee/salinee_ws/install/rbot250_srv/lib/python3.8/site-packages/rbot250_srv/service_member_function.py to service_member_function.cpython-38.pyc
[0.436s] byte-compiling /home/salinee/salinee_ws/install/rbot250_srv/lib/python3.8/site-packages/rbot250_srv/client_member_function.py to client_member_function.cpython-38.pyc
[0.437s] running install_data
[0.437s] running install_egg_info
[0.438s] removing '/home/salinee/salinee_ws/install/rbot250_srv/lib/python3.8/site-packages/rbot250_srv-0.0.0-py3.8.egg-info' (and everything under it)
[0.439s] Copying ../../build/rbot250_srv/rbot250_srv.egg-info to /home/salinee/salinee_ws/install/rbot250_srv/lib/python3.8/site-packages/rbot250_srv-0.0.0-py3.8.egg-info
[0.439s] running install_scripts
[0.452s] Installing client script to /home/salinee/salinee_ws/install/rbot250_srv/lib/rbot250_srv
[0.453s] Installing service script to /home/salinee/salinee_ws/install/rbot250_srv/lib/rbot250_srv
[0.454s] writing list of installed files to '/home/salinee/salinee_ws/build/rbot250_srv/install.log'
[0.476s] Invoked command in '/home/salinee/salinee_ws/src/rbot250_srv' returned '0': PYTHONPATH=/home/salinee/salinee_ws/install/rbot250_srv/lib/python3.8/site-packages:${PYTHONPATH} /usr/bin/python3 setup.py egg_info --egg-base ../../build/rbot250_srv build --build-base /home/salinee/salinee_ws/build/rbot250_srv/build install --prefix /home/salinee/salinee_ws/install/rbot250_srv --record /home/salinee/salinee_ws/build/rbot250_srv/install.log --single-version-externally-managed
