[0.006s] Invoking command in '/home/salinee/salinee_ws/build/rbot250': CMAKE_PREFIX_PATH=/opt/ros/rolling /usr/bin/cmake /home/salinee/salinee_ws/src/rbot250 -DCMAKE_INSTALL_PREFIX=/home/salinee/salinee_ws/install/rbot250
[0.034s] -- Found ament_cmake: 1.1.4 (/opt/ros/rolling/share/ament_cmake/cmake)
[0.062s] -- Using PYTHON_EXECUTABLE: /usr/bin/python3
[0.107s] -- Found rclcpp: 13.0.0 (/opt/ros/rolling/share/rclcpp/cmake)
[0.157s] -- Using all available rosidl_typesupport_c: rosidl_typesupport_fastrtps_c;rosidl_typesupport_introspection_c
[0.159s] -- Found rosidl_adapter: 2.5.0 (/opt/ros/rolling/share/rosidl_adapter/cmake)
[0.188s] -- Using all available rosidl_typesupport_cpp: rosidl_typesupport_fastrtps_cpp;rosidl_typesupport_introspection_cpp
[0.231s] -- Found rmw_implementation_cmake: 5.0.0 (/opt/ros/rolling/share/rmw_implementation_cmake/cmake)
[0.232s] -- Found rmw_cyclonedds_cpp: 0.24.0 (/opt/ros/rolling/share/rmw_cyclonedds_cpp/cmake)
[0.248s] -- Using RMW implementation 'rmw_cyclonedds_cpp' as default
[0.374s] -- Found rclpy: 3.0.1 (/opt/ros/rolling/share/rclpy/cmake)
[0.424s] -- Found ament_lint_auto: 0.11.2 (/opt/ros/rolling/share/ament_lint_auto/cmake)
[0.479s] -- Added test 'copyright' to check source files copyright and LICENSE
[0.480s] -- Added test 'cppcheck' to perform static code analysis on C / C++ code
[0.481s] -- Configured cppcheck include dirs: /home/salinee/salinee_ws/src/rbot250/include
[0.481s] -- Configured cppcheck exclude dirs and/or files: 
[0.482s] -- Added test 'cpplint' to check C / C++ code against the Google style
[0.482s] -- Configured cpplint exclude dirs and/or files: 
[0.482s] -- Added test 'flake8' to check Python code syntax and style conventions
[0.483s] -- Added test 'lint_cmake' to check CMake code style
[0.483s] -- Added test 'pep257' to check Python code against some of the style conventions in PEP 257
[0.484s] -- Added test 'uncrustify' to check C / C++ code style
[0.484s] -- Configured uncrustify additional arguments: 
[0.485s] -- Added test 'xmllint' to check XML markup files
[0.488s] -- Configuring done
[0.494s] -- Generating done
[0.496s] -- Build files have been written to: /home/salinee/salinee_ws/build/rbot250
[0.501s] Invoked command in '/home/salinee/salinee_ws/build/rbot250' returned '0': CMAKE_PREFIX_PATH=/opt/ros/rolling /usr/bin/cmake /home/salinee/salinee_ws/src/rbot250 -DCMAKE_INSTALL_PREFIX=/home/salinee/salinee_ws/install/rbot250
[0.502s] Invoking command in '/home/salinee/salinee_ws/build/rbot250': CMAKE_PREFIX_PATH=/opt/ros/rolling /usr/bin/cmake --build /home/salinee/salinee_ws/build/rbot250 -- -j1 -l1
[0.537s] [35m[1mScanning dependencies of target ament_cmake_python_symlink_rbot250[0m
[0.554s] [  0%] Built target ament_cmake_python_symlink_rbot250
[0.563s] [35m[1mScanning dependencies of target ament_cmake_python_build_rbot250_egg[0m
[0.763s] running egg_info
[0.764s] creating rbot250.egg-info
[0.764s] writing rbot250.egg-info/PKG-INFO
[0.765s] writing dependency_links to rbot250.egg-info/dependency_links.txt
[0.765s] writing top-level names to rbot250.egg-info/top_level.txt
[0.766s] writing manifest file 'rbot250.egg-info/SOURCES.txt'
[0.802s] reading manifest file 'rbot250.egg-info/SOURCES.txt'
[0.802s] writing manifest file 'rbot250.egg-info/SOURCES.txt'
[0.819s] [  0%] Built target ament_cmake_python_build_rbot250_egg
[0.829s] [35m[1mScanning dependencies of target cpp_executable[0m
[0.858s] [ 50%] [32mBuilding CXX object CMakeFiles/cpp_executable.dir/src/cpp_node.cpp.o[0m
[5.339s] [100%] [32m[1mLinking CXX executable cpp_executable[0m
[5.431s] [100%] Built target cpp_executable
[5.441s] Invoked command in '/home/salinee/salinee_ws/build/rbot250' returned '0': CMAKE_PREFIX_PATH=/opt/ros/rolling /usr/bin/cmake --build /home/salinee/salinee_ws/build/rbot250 -- -j1 -l1
[5.474s] Invoking command in '/home/salinee/salinee_ws/build/rbot250': CMAKE_PREFIX_PATH=/opt/ros/rolling /usr/bin/cmake --install /home/salinee/salinee_ws/build/rbot250
[5.482s] -- Install configuration: ""
[5.482s] -- Installing: /home/salinee/salinee_ws/install/rbot250/lib/rbot250/cpp_executable
[5.483s] -- Set runtime path of "/home/salinee/salinee_ws/install/rbot250/lib/rbot250/cpp_executable" to ""
[5.483s] -- Installing: /home/salinee/salinee_ws/install/rbot250/share/rbot250/environment/pythonpath.sh
[5.483s] -- Installing: /home/salinee/salinee_ws/install/rbot250/share/rbot250/environment/pythonpath.dsv
[5.483s] -- Installing: /home/salinee/salinee_ws/install/rbot250/lib/python3.8/site-packages//rbot250.egg-info
[5.484s] -- Installing: /home/salinee/salinee_ws/install/rbot250/lib/python3.8/site-packages//rbot250.egg-info/PKG-INFO
[5.484s] -- Installing: /home/salinee/salinee_ws/install/rbot250/lib/python3.8/site-packages//rbot250.egg-info/top_level.txt
[5.484s] -- Installing: /home/salinee/salinee_ws/install/rbot250/lib/python3.8/site-packages//rbot250.egg-info/SOURCES.txt
[5.484s] -- Installing: /home/salinee/salinee_ws/install/rbot250/lib/python3.8/site-packages//rbot250.egg-info/dependency_links.txt
[5.484s] -- Installing: /home/salinee/salinee_ws/install/rbot250/lib/python3.8/site-packages/rbot250
[5.484s] -- Installing: /home/salinee/salinee_ws/install/rbot250/lib/python3.8/site-packages/rbot250/module_to_import.py
[5.485s] -- Installing: /home/salinee/salinee_ws/install/rbot250/lib/python3.8/site-packages/rbot250/__init__.py
[5.507s] Listing '/home/salinee/salinee_ws/install/rbot250/lib/python3.8/site-packages/rbot250'...
[5.507s] Compiling '/home/salinee/salinee_ws/install/rbot250/lib/python3.8/site-packages/rbot250/__init__.py'...
[5.507s] Compiling '/home/salinee/salinee_ws/install/rbot250/lib/python3.8/site-packages/rbot250/module_to_import.py'...
[5.510s] -- Installing: /home/salinee/salinee_ws/install/rbot250/lib/rbot250/py_node.py
[5.510s] -- Installing: /home/salinee/salinee_ws/install/rbot250/share/ament_index/resource_index/package_run_dependencies/rbot250
[5.510s] -- Installing: /home/salinee/salinee_ws/install/rbot250/share/ament_index/resource_index/parent_prefix_path/rbot250
[5.510s] -- Installing: /home/salinee/salinee_ws/install/rbot250/share/rbot250/environment/ament_prefix_path.sh
[5.511s] -- Installing: /home/salinee/salinee_ws/install/rbot250/share/rbot250/environment/ament_prefix_path.dsv
[5.511s] -- Installing: /home/salinee/salinee_ws/install/rbot250/share/rbot250/environment/path.sh
[5.511s] -- Installing: /home/salinee/salinee_ws/install/rbot250/share/rbot250/environment/path.dsv
[5.511s] -- Installing: /home/salinee/salinee_ws/install/rbot250/share/rbot250/local_setup.bash
[5.511s] -- Installing: /home/salinee/salinee_ws/install/rbot250/share/rbot250/local_setup.sh
[5.512s] -- Installing: /home/salinee/salinee_ws/install/rbot250/share/rbot250/local_setup.zsh
[5.512s] -- Installing: /home/salinee/salinee_ws/install/rbot250/share/rbot250/local_setup.dsv
[5.512s] -- Installing: /home/salinee/salinee_ws/install/rbot250/share/rbot250/package.dsv
[5.512s] -- Installing: /home/salinee/salinee_ws/install/rbot250/share/ament_index/resource_index/packages/rbot250
[5.513s] -- Installing: /home/salinee/salinee_ws/install/rbot250/share/rbot250/cmake/rbot250Config.cmake
[5.516s] -- Installing: /home/salinee/salinee_ws/install/rbot250/share/rbot250/cmake/rbot250Config-version.cmake
[5.516s] -- Installing: /home/salinee/salinee_ws/install/rbot250/share/rbot250/package.xml
[5.521s] Invoked command in '/home/salinee/salinee_ws/build/rbot250' returned '0': CMAKE_PREFIX_PATH=/opt/ros/rolling /usr/bin/cmake --install /home/salinee/salinee_ws/build/rbot250
