[0.024s] Invoking command in '/home/salinee/salinee_ws/build/rbot250': CMAKE_PREFIX_PATH=/opt/ros/rolling /usr/bin/cmake /home/salinee/salinee_ws/src/rbot250 -DCMAKE_INSTALL_PREFIX=/home/salinee/salinee_ws/install/rbot250
[0.099s] -- The C compiler identification is GNU 9.3.0
[0.151s] -- The CXX compiler identification is GNU 9.3.0
[0.154s] -- Check for working C compiler: /usr/bin/cc
[0.218s] -- Check for working C compiler: /usr/bin/cc -- works
[0.219s] -- Detecting C compiler ABI info
[0.276s] -- Detecting C compiler ABI info - done
[0.285s] -- Detecting C compile features
[0.285s] -- Detecting C compile features - done
[0.287s] -- Check for working CXX compiler: /usr/bin/c++
[0.357s] -- Check for working CXX compiler: /usr/bin/c++ -- works
[0.358s] -- Detecting CXX compiler ABI info
[0.420s] -- Detecting CXX compiler ABI info - done
[0.430s] -- Detecting CXX compile features
[0.430s] -- Detecting CXX compile features - done
[0.432s] -- Found ament_cmake: 1.1.4 (/opt/ros/rolling/share/ament_cmake/cmake)
[0.452s] -- Found PythonInterp: /usr/bin/python3 (found suitable version "3.8.10", minimum required is "3") 
[0.453s] -- Using PYTHON_EXECUTABLE: /usr/bin/python3
[0.510s] -- Found rclcpp: 13.0.0 (/opt/ros/rolling/share/rclcpp/cmake)
[0.546s] -- Using all available rosidl_typesupport_c: rosidl_typesupport_fastrtps_c;rosidl_typesupport_introspection_c
[0.550s] -- Found rosidl_adapter: 2.5.0 (/opt/ros/rolling/share/rosidl_adapter/cmake)
[0.585s] -- Using all available rosidl_typesupport_cpp: rosidl_typesupport_fastrtps_cpp;rosidl_typesupport_introspection_cpp
[0.636s] -- Found rmw_implementation_cmake: 5.0.0 (/opt/ros/rolling/share/rmw_implementation_cmake/cmake)
[0.640s] -- Found rmw_cyclonedds_cpp: 0.24.0 (/opt/ros/rolling/share/rmw_cyclonedds_cpp/cmake)
[0.658s] -- Using RMW implementation 'rmw_cyclonedds_cpp' as default
[0.659s] -- Looking for pthread.h
[0.725s] -- Looking for pthread.h - found
[0.725s] -- Performing Test CMAKE_HAVE_LIBC_PTHREAD
[0.789s] -- Performing Test CMAKE_HAVE_LIBC_PTHREAD - Failed
[0.790s] -- Looking for pthread_create in pthreads
[0.838s] -- Looking for pthread_create in pthreads - not found
[0.838s] -- Looking for pthread_create in pthread
[0.894s] -- Looking for pthread_create in pthread - found
[0.895s] -- Found Threads: TRUE  
[1.045s] -- Found rclpy: 3.0.1 (/opt/ros/rolling/share/rclpy/cmake)
[1.124s] CMake Error at /opt/ros/rolling/share/ament_cmake_python/cmake/ament_python_install_package.cmake:59 (message):
[1.124s]   ament_python_install_package() the Python package folder
[1.124s]   '/home/salinee/salinee_ws/src/rbot250/rbot250' doesn't contain an
[1.124s]   '__init__.py' file
[1.124s] Call Stack (most recent call first):
[1.124s]   /opt/ros/rolling/share/ament_cmake_python/cmake/ament_python_install_package.cmake:33 (_ament_cmake_python_install_package)
[1.124s]   CMakeLists.txt:33 (ament_python_install_package)
[1.126s] 
[1.126s] 
[1.126s] -- Configuring incomplete, errors occurred!
[1.126s] See also "/home/salinee/salinee_ws/build/rbot250/CMakeFiles/CMakeOutput.log".
[1.126s] See also "/home/salinee/salinee_ws/build/rbot250/CMakeFiles/CMakeError.log".
[1.131s] Invoked command in '/home/salinee/salinee_ws/build/rbot250' returned '1': CMAKE_PREFIX_PATH=/opt/ros/rolling /usr/bin/cmake /home/salinee/salinee_ws/src/rbot250 -DCMAKE_INSTALL_PREFIX=/home/salinee/salinee_ws/install/rbot250
