[0.007s] Invoking command in '/home/salinee/salinee_ws/build/rbot250': CMAKE_PREFIX_PATH=/opt/ros/rolling /usr/bin/cmake --build /home/salinee/salinee_ws/build/rbot250 -- -j1 -l1
[0.070s] [  0%] Built target ament_cmake_python_symlink_rbot250
[0.284s] running egg_info
[0.285s] writing rbot250.egg-info/PKG-INFO
[0.286s] writing dependency_links to rbot250.egg-info/dependency_links.txt
[0.287s] writing top-level names to rbot250.egg-info/top_level.txt
[0.317s] reading manifest file 'rbot250.egg-info/SOURCES.txt'
[0.317s] writing manifest file 'rbot250.egg-info/SOURCES.txt'
[0.338s] [  0%] Built target ament_cmake_python_build_rbot250_egg
[0.369s] [100%] Built target cpp_node
[0.380s] Invoked command in '/home/salinee/salinee_ws/build/rbot250' returned '0': CMAKE_PREFIX_PATH=/opt/ros/rolling /usr/bin/cmake --build /home/salinee/salinee_ws/build/rbot250 -- -j1 -l1
[0.420s] Invoking command in '/home/salinee/salinee_ws/build/rbot250': CMAKE_PREFIX_PATH=/opt/ros/rolling /usr/bin/cmake --install /home/salinee/salinee_ws/build/rbot250
[0.430s] -- Install configuration: ""
[0.431s] -- Up-to-date: /home/salinee/salinee_ws/install/rbot250/share/rbot250//launch
[0.431s] -- Installing: /home/salinee/salinee_ws/install/rbot250/share/rbot250//launch/turtle_tf2_demo.launch.py
[0.431s] -- Up-to-date: /home/salinee/salinee_ws/install/rbot250/lib/rbot250/cpp_node
[0.432s] -- Up-to-date: /home/salinee/salinee_ws/install/rbot250/share/rbot250/environment/pythonpath.sh
[0.432s] -- Up-to-date: /home/salinee/salinee_ws/install/rbot250/share/rbot250/environment/pythonpath.dsv
[0.432s] -- Up-to-date: /home/salinee/salinee_ws/install/rbot250/lib/python3.8/site-packages//rbot250.egg-info
[0.432s] -- Installing: /home/salinee/salinee_ws/install/rbot250/lib/python3.8/site-packages//rbot250.egg-info/PKG-INFO
[0.432s] -- Installing: /home/salinee/salinee_ws/install/rbot250/lib/python3.8/site-packages//rbot250.egg-info/top_level.txt
[0.432s] -- Installing: /home/salinee/salinee_ws/install/rbot250/lib/python3.8/site-packages//rbot250.egg-info/SOURCES.txt
[0.433s] -- Installing: /home/salinee/salinee_ws/install/rbot250/lib/python3.8/site-packages//rbot250.egg-info/dependency_links.txt
[0.433s] -- Up-to-date: /home/salinee/salinee_ws/install/rbot250/lib/python3.8/site-packages/rbot250
[0.433s] -- Up-to-date: /home/salinee/salinee_ws/install/rbot250/lib/python3.8/site-packages/rbot250/module_to_import.py
[0.433s] -- Up-to-date: /home/salinee/salinee_ws/install/rbot250/lib/python3.8/site-packages/rbot250/__init__.py
[0.458s] Listing '/home/salinee/salinee_ws/install/rbot250/lib/python3.8/site-packages/rbot250'...
[0.460s] -- Up-to-date: /home/salinee/salinee_ws/install/rbot250/lib/rbot250/py_node.py
[0.460s] -- Up-to-date: /home/salinee/salinee_ws/install/rbot250/share/ament_index/resource_index/package_run_dependencies/rbot250
[0.461s] -- Up-to-date: /home/salinee/salinee_ws/install/rbot250/share/ament_index/resource_index/parent_prefix_path/rbot250
[0.461s] -- Up-to-date: /home/salinee/salinee_ws/install/rbot250/share/rbot250/environment/ament_prefix_path.sh
[0.461s] -- Up-to-date: /home/salinee/salinee_ws/install/rbot250/share/rbot250/environment/ament_prefix_path.dsv
[0.461s] -- Up-to-date: /home/salinee/salinee_ws/install/rbot250/share/rbot250/environment/path.sh
[0.461s] -- Up-to-date: /home/salinee/salinee_ws/install/rbot250/share/rbot250/environment/path.dsv
[0.462s] -- Up-to-date: /home/salinee/salinee_ws/install/rbot250/share/rbot250/local_setup.bash
[0.462s] -- Up-to-date: /home/salinee/salinee_ws/install/rbot250/share/rbot250/local_setup.sh
[0.462s] -- Up-to-date: /home/salinee/salinee_ws/install/rbot250/share/rbot250/local_setup.zsh
[0.462s] -- Up-to-date: /home/salinee/salinee_ws/install/rbot250/share/rbot250/local_setup.dsv
[0.462s] -- Installing: /home/salinee/salinee_ws/install/rbot250/share/rbot250/package.dsv
[0.462s] -- Up-to-date: /home/salinee/salinee_ws/install/rbot250/share/ament_index/resource_index/packages/rbot250
[0.462s] -- Up-to-date: /home/salinee/salinee_ws/install/rbot250/share/rbot250/cmake/rbot250Config.cmake
[0.462s] -- Up-to-date: /home/salinee/salinee_ws/install/rbot250/share/rbot250/cmake/rbot250Config-version.cmake
[0.465s] -- Up-to-date: /home/salinee/salinee_ws/install/rbot250/share/rbot250/package.xml
[0.471s] Invoked command in '/home/salinee/salinee_ws/build/rbot250' returned '0': CMAKE_PREFIX_PATH=/opt/ros/rolling /usr/bin/cmake --install /home/salinee/salinee_ws/build/rbot250
