[  0%] Built target ament_cmake_python_symlink_rbot250
running egg_info
writing rbot250.egg-info/PKG-INFO
writing dependency_links to rbot250.egg-info/dependency_links.txt
writing top-level names to rbot250.egg-info/top_level.txt
reading manifest file 'rbot250.egg-info/SOURCES.txt'
writing manifest file 'rbot250.egg-info/SOURCES.txt'
[  0%] Built target ament_cmake_python_build_rbot250_egg
[35m[1mScanning dependencies of target cpp_executable[0m
[ 50%] [32mBuilding CXX object CMakeFiles/cpp_executable.dir/src/cpp_node.cpp.o[0m
[100%] [32m[1mLinking CXX executable cpp_executable[0m
[100%] Built target cpp_executable
-- Install configuration: ""
-- Installing: /home/salinee/salinee_ws/install/rbot250/lib/rbot250/cpp_executable
-- Set runtime path of "/home/salinee/salinee_ws/install/rbot250/lib/rbot250/cpp_executable" to ""
-- Up-to-date: /home/salinee/salinee_ws/install/rbot250/share/rbot250/environment/pythonpath.sh
-- Up-to-date: /home/salinee/salinee_ws/install/rbot250/share/rbot250/environment/pythonpath.dsv
-- Up-to-date: /home/salinee/salinee_ws/install/rbot250/lib/python3.8/site-packages//rbot250.egg-info
-- Installing: /home/salinee/salinee_ws/install/rbot250/lib/python3.8/site-packages//rbot250.egg-info/PKG-INFO
-- Installing: /home/salinee/salinee_ws/install/rbot250/lib/python3.8/site-packages//rbot250.egg-info/top_level.txt
-- Installing: /home/salinee/salinee_ws/install/rbot250/lib/python3.8/site-packages//rbot250.egg-info/SOURCES.txt
-- Installing: /home/salinee/salinee_ws/install/rbot250/lib/python3.8/site-packages//rbot250.egg-info/dependency_links.txt
-- Up-to-date: /home/salinee/salinee_ws/install/rbot250/lib/python3.8/site-packages/rbot250
-- Up-to-date: /home/salinee/salinee_ws/install/rbot250/lib/python3.8/site-packages/rbot250/module_to_import.py
-- Up-to-date: /home/salinee/salinee_ws/install/rbot250/lib/python3.8/site-packages/rbot250/__init__.py
Listing '/home/salinee/salinee_ws/install/rbot250/lib/python3.8/site-packages/rbot250'...
-- Up-to-date: /home/salinee/salinee_ws/install/rbot250/lib/rbot250/py_node.py
-- Up-to-date: /home/salinee/salinee_ws/install/rbot250/share/ament_index/resource_index/package_run_dependencies/rbot250
-- Up-to-date: /home/salinee/salinee_ws/install/rbot250/share/ament_index/resource_index/parent_prefix_path/rbot250
-- Up-to-date: /home/salinee/salinee_ws/install/rbot250/share/rbot250/environment/ament_prefix_path.sh
-- Up-to-date: /home/salinee/salinee_ws/install/rbot250/share/rbot250/environment/ament_prefix_path.dsv
-- Up-to-date: /home/salinee/salinee_ws/install/rbot250/share/rbot250/environment/path.sh
-- Up-to-date: /home/salinee/salinee_ws/install/rbot250/share/rbot250/environment/path.dsv
-- Up-to-date: /home/salinee/salinee_ws/install/rbot250/share/rbot250/local_setup.bash
-- Up-to-date: /home/salinee/salinee_ws/install/rbot250/share/rbot250/local_setup.sh
-- Up-to-date: /home/salinee/salinee_ws/install/rbot250/share/rbot250/local_setup.zsh
-- Up-to-date: /home/salinee/salinee_ws/install/rbot250/share/rbot250/local_setup.dsv
-- Installing: /home/salinee/salinee_ws/install/rbot250/share/rbot250/package.dsv
-- Up-to-date: /home/salinee/salinee_ws/install/rbot250/share/ament_index/resource_index/packages/rbot250
-- Up-to-date: /home/salinee/salinee_ws/install/rbot250/share/rbot250/cmake/rbot250Config.cmake
-- Up-to-date: /home/salinee/salinee_ws/install/rbot250/share/rbot250/cmake/rbot250Config-version.cmake
-- Up-to-date: /home/salinee/salinee_ws/install/rbot250/share/rbot250/package.xml
