[0.242s] DEBUG:colcon:Command line arguments: ['/usr/bin/colcon', 'build', '--packages-select', 'rbot250_srv']
[0.242s] DEBUG:colcon:Parsed command line arguments: Namespace(ament_cmake_args=None, base_paths=['.'], build_base='build', catkin_cmake_args=None, catkin_skip_building_tests=False, cmake_args=None, cmake_clean_cache=False, cmake_clean_first=False, cmake_force_configure=False, cmake_target=None, cmake_target_skip_unavailable=False, continue_on_error=False, event_handlers=None, executor='parallel', ignore_user_meta=False, install_base='install', log_base=None, log_level=None, main=<bound method BuildVerb.main of <colcon_core.verb.build.BuildVerb object at 0x7f9d2101a670>>, merge_install=False, metas=['./colcon.meta'], packages_above=None, packages_above_and_dependencies=None, packages_above_depth=None, packages_end=None, packages_ignore=None, packages_ignore_regex=None, packages_select=['rbot250_srv'], packages_select_build_failed=False, packages_select_by_dep=None, packages_select_regex=None, packages_select_test_failures=False, packages_skip=None, packages_skip_build_finished=False, packages_skip_by_dep=None, packages_skip_regex=None, packages_skip_test_passed=False, packages_skip_up_to=None, packages_start=None, packages_up_to=None, packages_up_to_regex=None, parallel_workers=1, paths=None, symlink_install=False, test_result_base=None, verb_extension=<colcon_core.verb.build.BuildVerb object at 0x7f9d2101a670>, verb_name='build', verb_parser=<colcon_defaults.argument_parser.defaults.DefaultArgumentsDecorator object at 0x7f9d2101abb0>)
[0.245s] Level 1:colcon.colcon_core.package_discovery:discover_packages(colcon_meta) check parameters
[0.245s] Level 1:colcon.colcon_core.package_discovery:discover_packages(recursive) check parameters
[0.245s] Level 1:colcon.colcon_core.package_discovery:discover_packages(ignore) check parameters
[0.245s] Level 1:colcon.colcon_core.package_discovery:discover_packages(path) check parameters
[0.245s] Level 1:colcon.colcon_core.package_discovery:discover_packages(colcon_meta) discover
[0.245s] Level 1:colcon.colcon_core.package_discovery:discover_packages(recursive) discover
[0.245s] INFO:colcon.colcon_core.package_discovery:Crawling recursively for packages in '/home/salinee/salinee_ws'
[0.246s] Level 1:colcon.colcon_core.package_identification:_identify(.) by extensions ['ignore', 'ignore_ament_install']
[0.246s] Level 1:colcon.colcon_core.package_identification:_identify(.) by extension 'ignore'
[0.246s] Level 1:colcon.colcon_core.package_identification:_identify(.) by extension 'ignore_ament_install'
[0.246s] Level 1:colcon.colcon_core.package_identification:_identify(.) by extensions ['colcon_pkg']
[0.246s] Level 1:colcon.colcon_core.package_identification:_identify(.) by extension 'colcon_pkg'
[0.246s] Level 1:colcon.colcon_core.package_identification:_identify(.) by extensions ['colcon_meta']
[0.246s] Level 1:colcon.colcon_core.package_identification:_identify(.) by extension 'colcon_meta'
[0.246s] Level 1:colcon.colcon_core.package_identification:_identify(.) by extensions ['ros']
[0.246s] Level 1:colcon.colcon_core.package_identification:_identify(.) by extension 'ros'
[0.254s] Level 1:colcon.colcon_core.package_identification:_identify(.) by extensions ['cmake', 'python']
[0.255s] Level 1:colcon.colcon_core.package_identification:_identify(.) by extension 'cmake'
[0.255s] Level 1:colcon.colcon_core.package_identification:_identify(.) by extension 'python'
[0.255s] Level 1:colcon.colcon_core.package_identification:_identify(.) by extensions ['python_setup_py']
[0.255s] Level 1:colcon.colcon_core.package_identification:_identify(.) by extension 'python_setup_py'
[0.255s] Level 1:colcon.colcon_core.package_identification:_identify(build) by extensions ['ignore', 'ignore_ament_install']
[0.255s] Level 1:colcon.colcon_core.package_identification:_identify(build) by extension 'ignore'
[0.255s] Level 1:colcon.colcon_core.package_identification:_identify(build) ignored
[0.255s] Level 1:colcon.colcon_core.package_identification:_identify(install) by extensions ['ignore', 'ignore_ament_install']
[0.255s] Level 1:colcon.colcon_core.package_identification:_identify(install) by extension 'ignore'
[0.255s] Level 1:colcon.colcon_core.package_identification:_identify(install) ignored
[0.255s] Level 1:colcon.colcon_core.package_identification:_identify(log) by extensions ['ignore', 'ignore_ament_install']
[0.255s] Level 1:colcon.colcon_core.package_identification:_identify(log) by extension 'ignore'
[0.255s] Level 1:colcon.colcon_core.package_identification:_identify(log) ignored
[0.255s] Level 1:colcon.colcon_core.package_identification:_identify(src) by extensions ['ignore', 'ignore_ament_install']
[0.255s] Level 1:colcon.colcon_core.package_identification:_identify(src) by extension 'ignore'
[0.255s] Level 1:colcon.colcon_core.package_identification:_identify(src) by extension 'ignore_ament_install'
[0.255s] Level 1:colcon.colcon_core.package_identification:_identify(src) by extensions ['colcon_pkg']
[0.255s] Level 1:colcon.colcon_core.package_identification:_identify(src) by extension 'colcon_pkg'
[0.256s] Level 1:colcon.colcon_core.package_identification:_identify(src) by extensions ['colcon_meta']
[0.256s] Level 1:colcon.colcon_core.package_identification:_identify(src) by extension 'colcon_meta'
[0.256s] Level 1:colcon.colcon_core.package_identification:_identify(src) by extensions ['ros']
[0.256s] Level 1:colcon.colcon_core.package_identification:_identify(src) by extension 'ros'
[0.256s] Level 1:colcon.colcon_core.package_identification:_identify(src) by extensions ['cmake', 'python']
[0.256s] Level 1:colcon.colcon_core.package_identification:_identify(src) by extension 'cmake'
[0.256s] Level 1:colcon.colcon_core.package_identification:_identify(src) by extension 'python'
[0.256s] Level 1:colcon.colcon_core.package_identification:_identify(src) by extensions ['python_setup_py']
[0.256s] Level 1:colcon.colcon_core.package_identification:_identify(src) by extension 'python_setup_py'
[0.256s] Level 1:colcon.colcon_core.package_identification:_identify(src/rbot250) by extensions ['ignore', 'ignore_ament_install']
[0.256s] Level 1:colcon.colcon_core.package_identification:_identify(src/rbot250) by extension 'ignore'
[0.256s] Level 1:colcon.colcon_core.package_identification:_identify(src/rbot250) by extension 'ignore_ament_install'
[0.256s] Level 1:colcon.colcon_core.package_identification:_identify(src/rbot250) by extensions ['colcon_pkg']
[0.256s] Level 1:colcon.colcon_core.package_identification:_identify(src/rbot250) by extension 'colcon_pkg'
[0.256s] Level 1:colcon.colcon_core.package_identification:_identify(src/rbot250) by extensions ['colcon_meta']
[0.256s] Level 1:colcon.colcon_core.package_identification:_identify(src/rbot250) by extension 'colcon_meta'
[0.256s] Level 1:colcon.colcon_core.package_identification:_identify(src/rbot250) by extensions ['ros']
[0.256s] Level 1:colcon.colcon_core.package_identification:_identify(src/rbot250) by extension 'ros'
[0.258s] DEBUG:colcon.colcon_core.package_identification:Package 'src/rbot250' with type 'ros.ament_cmake' and name 'rbot250'
[0.258s] Level 1:colcon.colcon_core.package_identification:_identify(src/rbot250_srv) by extensions ['ignore', 'ignore_ament_install']
[0.258s] Level 1:colcon.colcon_core.package_identification:_identify(src/rbot250_srv) by extension 'ignore'
[0.258s] Level 1:colcon.colcon_core.package_identification:_identify(src/rbot250_srv) by extension 'ignore_ament_install'
[0.258s] Level 1:colcon.colcon_core.package_identification:_identify(src/rbot250_srv) by extensions ['colcon_pkg']
[0.258s] Level 1:colcon.colcon_core.package_identification:_identify(src/rbot250_srv) by extension 'colcon_pkg'
[0.259s] Level 1:colcon.colcon_core.package_identification:_identify(src/rbot250_srv) by extensions ['colcon_meta']
[0.259s] Level 1:colcon.colcon_core.package_identification:_identify(src/rbot250_srv) by extension 'colcon_meta'
[0.259s] Level 1:colcon.colcon_core.package_identification:_identify(src/rbot250_srv) by extensions ['ros']
[0.259s] Level 1:colcon.colcon_core.package_identification:_identify(src/rbot250_srv) by extension 'ros'
[0.259s] DEBUG:colcon.colcon_core.package_identification:Package 'src/rbot250_srv' with type 'ros.ament_python' and name 'rbot250_srv'
[0.259s] Level 1:colcon.colcon_core.package_discovery:discover_packages(recursive) using defaults
[0.259s] Level 1:colcon.colcon_core.package_discovery:discover_packages(ignore) discover
[0.259s] Level 1:colcon.colcon_core.package_discovery:discover_packages(ignore) using defaults
[0.259s] Level 1:colcon.colcon_core.package_discovery:discover_packages(path) discover
[0.259s] Level 1:colcon.colcon_core.package_discovery:discover_packages(path) using defaults
[0.271s] INFO:colcon.colcon_core.package_selection:Skipping not selected package 'rbot250' in 'src/rbot250'
[0.273s] Level 5:colcon.colcon_core.verb:set package 'rbot250_srv' build argument 'cmake_args' from command line to 'None'
[0.273s] Level 5:colcon.colcon_core.verb:set package 'rbot250_srv' build argument 'cmake_target' from command line to 'None'
[0.273s] Level 5:colcon.colcon_core.verb:set package 'rbot250_srv' build argument 'cmake_target_skip_unavailable' from command line to 'False'
[0.273s] Level 5:colcon.colcon_core.verb:set package 'rbot250_srv' build argument 'cmake_clean_cache' from command line to 'False'
[0.273s] Level 5:colcon.colcon_core.verb:set package 'rbot250_srv' build argument 'cmake_clean_first' from command line to 'False'
[0.273s] Level 5:colcon.colcon_core.verb:set package 'rbot250_srv' build argument 'cmake_force_configure' from command line to 'False'
[0.273s] Level 5:colcon.colcon_core.verb:set package 'rbot250_srv' build argument 'ament_cmake_args' from command line to 'None'
[0.273s] Level 5:colcon.colcon_core.verb:set package 'rbot250_srv' build argument 'catkin_cmake_args' from command line to 'None'
[0.273s] Level 5:colcon.colcon_core.verb:set package 'rbot250_srv' build argument 'catkin_skip_building_tests' from command line to 'False'
[0.273s] DEBUG:colcon.colcon_core.verb:Building package 'rbot250_srv' with the following arguments: {'ament_cmake_args': None, 'build_base': '/home/salinee/salinee_ws/build/rbot250_srv', 'catkin_cmake_args': None, 'catkin_skip_building_tests': False, 'cmake_args': None, 'cmake_clean_cache': False, 'cmake_clean_first': False, 'cmake_force_configure': False, 'cmake_target': None, 'cmake_target_skip_unavailable': False, 'install_base': '/home/salinee/salinee_ws/install/rbot250_srv', 'merge_install': False, 'path': '/home/salinee/salinee_ws/src/rbot250_srv', 'symlink_install': False, 'test_result_base': None}
[0.273s] INFO:colcon.colcon_core.executor:Executing jobs using 'parallel' executor
[0.274s] DEBUG:colcon.colcon_parallel_executor.executor.parallel:run_until_complete
[0.275s] INFO:colcon.colcon_ros.task.ament_python.build:Building ROS package in '/home/salinee/salinee_ws/src/rbot250_srv' with build type 'ament_python'
[0.275s] Level 1:colcon.colcon_core.shell:create_environment_hook('rbot250_srv', 'ament_prefix_path')
[0.277s] INFO:colcon.colcon_core.plugin_system:Skipping extension 'colcon_core.shell.bat': Not used on non-Windows systems
[0.277s] INFO:colcon.colcon_core.shell:Creating environment hook '/home/salinee/salinee_ws/install/rbot250_srv/share/rbot250_srv/hook/ament_prefix_path.ps1'
[0.277s] INFO:colcon.colcon_core.shell:Creating environment descriptor '/home/salinee/salinee_ws/install/rbot250_srv/share/rbot250_srv/hook/ament_prefix_path.dsv'
[0.278s] INFO:colcon.colcon_core.shell:Creating environment hook '/home/salinee/salinee_ws/install/rbot250_srv/share/rbot250_srv/hook/ament_prefix_path.sh'
[0.278s] INFO:colcon.colcon_core.shell:Skip shell extension 'powershell' for command environment: Not usable outside of PowerShell
[0.278s] DEBUG:colcon.colcon_core.shell:Skip shell extension 'dsv' for command environment
[0.280s] DEBUG:colcon.colcon_core.shell:Ignoring prefix path '/opt/ros/rolling'
[0.477s] INFO:colcon.colcon_core.task.python.build:Building Python package in '/home/salinee/salinee_ws/src/rbot250_srv'
[0.478s] INFO:colcon.colcon_core.shell:Skip shell extension 'powershell' for command environment: Not usable outside of PowerShell
[0.478s] DEBUG:colcon.colcon_core.shell:Skip shell extension 'dsv' for command environment
[0.479s] DEBUG:colcon.colcon_core.shell:Ignoring prefix path '/opt/ros/rolling'
[0.486s] DEBUG:colcon.colcon_core.event_handler.log_command:Invoking command in '/home/salinee/salinee_ws/src/rbot250_srv': PYTHONPATH=/home/salinee/salinee_ws/install/rbot250_srv/lib/python3.8/site-packages:${PYTHONPATH} /usr/bin/python3 setup.py egg_info --egg-base ../../build/rbot250_srv build --build-base /home/salinee/salinee_ws/build/rbot250_srv/build install --prefix /home/salinee/salinee_ws/install/rbot250_srv --record /home/salinee/salinee_ws/build/rbot250_srv/install.log --single-version-externally-managed
[0.735s] DEBUG:colcon.colcon_core.event_handler.log_command:Invoked command in '/home/salinee/salinee_ws/src/rbot250_srv' returned '0': PYTHONPATH=/home/salinee/salinee_ws/install/rbot250_srv/lib/python3.8/site-packages:${PYTHONPATH} /usr/bin/python3 setup.py egg_info --egg-base ../../build/rbot250_srv build --build-base /home/salinee/salinee_ws/build/rbot250_srv/build install --prefix /home/salinee/salinee_ws/install/rbot250_srv --record /home/salinee/salinee_ws/build/rbot250_srv/install.log --single-version-externally-managed
[0.735s] Level 1:colcon.colcon_core.environment:checking '/home/salinee/salinee_ws/install/rbot250_srv' for CMake module files
[0.736s] Level 1:colcon.colcon_core.environment:checking '/home/salinee/salinee_ws/install/rbot250_srv' for CMake config files
[0.736s] Level 1:colcon.colcon_core.environment:checking '/home/salinee/salinee_ws/install/rbot250_srv/lib'
[0.736s] Level 1:colcon.colcon_core.environment:checking '/home/salinee/salinee_ws/install/rbot250_srv/bin'
[0.736s] Level 1:colcon.colcon_core.environment:checking '/home/salinee/salinee_ws/install/rbot250_srv/lib/pkgconfig/rbot250_srv.pc'
[0.736s] Level 1:colcon.colcon_core.environment:checking '/home/salinee/salinee_ws/install/rbot250_srv/lib/python3.8/site-packages'
[0.736s] Level 1:colcon.colcon_core.shell:create_environment_hook('rbot250_srv', 'pythonpath')
[0.737s] INFO:colcon.colcon_core.shell:Creating environment hook '/home/salinee/salinee_ws/install/rbot250_srv/share/rbot250_srv/hook/pythonpath.ps1'
[0.737s] INFO:colcon.colcon_core.shell:Creating environment descriptor '/home/salinee/salinee_ws/install/rbot250_srv/share/rbot250_srv/hook/pythonpath.dsv'
[0.737s] INFO:colcon.colcon_core.shell:Creating environment hook '/home/salinee/salinee_ws/install/rbot250_srv/share/rbot250_srv/hook/pythonpath.sh'
[0.738s] Level 1:colcon.colcon_core.environment:create_environment_scripts_only(rbot250_srv)
[0.738s] INFO:colcon.colcon_core.shell:Creating package script '/home/salinee/salinee_ws/install/rbot250_srv/share/rbot250_srv/package.ps1'
[0.738s] INFO:colcon.colcon_core.shell:Creating package descriptor '/home/salinee/salinee_ws/install/rbot250_srv/share/rbot250_srv/package.dsv'
[0.739s] INFO:colcon.colcon_core.shell:Creating package script '/home/salinee/salinee_ws/install/rbot250_srv/share/rbot250_srv/package.sh'
[0.739s] INFO:colcon.colcon_core.shell:Creating package script '/home/salinee/salinee_ws/install/rbot250_srv/share/rbot250_srv/package.bash'
[0.740s] INFO:colcon.colcon_core.shell:Creating package script '/home/salinee/salinee_ws/install/rbot250_srv/share/rbot250_srv/package.zsh'
[0.740s] Level 1:colcon.colcon_core.environment:create_file_with_runtime_dependencies(/home/salinee/salinee_ws/install/rbot250_srv/share/colcon-core/packages/rbot250_srv)
[0.741s] DEBUG:colcon.colcon_parallel_executor.executor.parallel:closing loop
[0.741s] DEBUG:colcon.colcon_parallel_executor.executor.parallel:loop closed
[0.741s] DEBUG:colcon.colcon_parallel_executor.executor.parallel:run_until_complete finished with '0'
[0.741s] DEBUG:colcon.colcon_core.event_reactor:joining thread
[0.745s] INFO:colcon.colcon_core.plugin_system:Skipping extension 'colcon_notification.desktop_notification.terminal_notifier': Not used on non-Darwin systems
[0.745s] INFO:colcon.colcon_core.plugin_system:Skipping extension 'colcon_notification.desktop_notification.win32': Not used on non-Windows systems
[0.745s] INFO:colcon.colcon_notification.desktop_notification:Sending desktop notification using 'notify2'
[0.762s] DEBUG:colcon.colcon_core.event_reactor:joined thread
[0.763s] INFO:colcon.colcon_core.shell:Creating prefix script '/home/salinee/salinee_ws/install/local_setup.ps1'
[0.764s] INFO:colcon.colcon_core.shell:Creating prefix util module '/home/salinee/salinee_ws/install/_local_setup_util_ps1.py'
[0.765s] INFO:colcon.colcon_core.shell:Creating prefix chain script '/home/salinee/salinee_ws/install/setup.ps1'
[0.778s] INFO:colcon.colcon_core.shell:Creating prefix script '/home/salinee/salinee_ws/install/local_setup.sh'
[0.778s] INFO:colcon.colcon_core.shell:Creating prefix util module '/home/salinee/salinee_ws/install/_local_setup_util_sh.py'
[0.780s] INFO:colcon.colcon_core.shell:Creating prefix chain script '/home/salinee/salinee_ws/install/setup.sh'
[0.782s] INFO:colcon.colcon_core.shell:Creating prefix script '/home/salinee/salinee_ws/install/local_setup.bash'
[0.782s] INFO:colcon.colcon_core.shell:Creating prefix chain script '/home/salinee/salinee_ws/install/setup.bash'
[0.784s] INFO:colcon.colcon_core.shell:Creating prefix script '/home/salinee/salinee_ws/install/local_setup.zsh'
[0.785s] INFO:colcon.colcon_core.shell:Creating prefix chain script '/home/salinee/salinee_ws/install/setup.zsh'
